2025-04-28 10:01:58,999 - INFO - ================================================================================
2025-04-28 10:01:58,999 - INFO - INICIANDO PROCESSO DE BUSCA DE LINKS DE DOWNLOAD
2025-04-28 10:01:59,000 - INFO - ================================================================================
2025-04-28 10:01:59,000 - INFO - Iniciando processo de busca de links de download
2025-04-28 10:01:59,053 - INFO - Conexão ao PostgreSQL estabelecida com sucesso
2025-04-28 10:01:59,058 - INFO - Encontradas 190 solicitações aguardando links
2025-04-28 10:01:59,059 - INFO - Iniciando navegador chrome com Selenoid
2025-04-28 10:01:59,059 - INFO - Conectando ao Selenoid em: http://localhost:4444/wd/hub
2025-04-28 10:02:03,106 - WARNING - Retrying (Retry(total=2, connect=None, read=None, redirect=None, status=None)) after connection broken by 'NewConnectionError('<urllib3.connection.HTTPConnection object at 0x0000018E6593E660>: Failed to establish a new connection: [WinError 10061] Nenhuma conexão pôde ser feita porque a máquina de destino as recusou ativamente')': /wd/hub/session
2025-04-28 10:02:07,162 - WARNING - Retrying (Retry(total=1, connect=None, read=None, redirect=None, status=None)) after connection broken by 'NewConnectionError('<urllib3.connection.HTTPConnection object at 0x0000018E65CFC550>: Failed to establish a new connection: [WinError 10061] Nenhuma conexão pôde ser feita porque a máquina de destino as recusou ativamente')': /wd/hub/session
2025-04-28 10:05:41,398 - INFO - ================================================================================
2025-04-28 10:05:41,399 - INFO - INICIANDO PROCESSO DE BUSCA DE LINKS DE DOWNLOAD
2025-04-28 10:05:41,399 - INFO - ================================================================================
2025-04-28 10:05:41,399 - INFO - Iniciando processo de busca de links de download
2025-04-28 10:05:41,451 - INFO - Conexão ao PostgreSQL estabelecida com sucesso
2025-04-28 10:05:41,456 - INFO - Encontradas 190 solicitações aguardando links
2025-04-28 10:05:41,457 - INFO - Iniciando navegador chrome com Selenoid
2025-04-28 10:05:41,457 - INFO - Conectando ao Selenoid em: http://localhost:4444/wd/hub
2025-04-28 10:05:41,491 - ERROR - Erro ao iniciar o navegador com Selenoid: Message: Requested environment is not available

2025-04-28 10:05:41,492 - ERROR - Falha na autenticação ou inicialização do navegador
2025-04-28 10:05:41,492 - INFO - Processo finalizado
2025-04-28 10:19:49,775 - INFO - ================================================================================
2025-04-28 10:19:49,776 - INFO - INICIANDO PROCESSO DE BUSCA DE LINKS DE DOWNLOAD
2025-04-28 10:19:49,776 - INFO - ================================================================================
2025-04-28 10:19:49,776 - INFO - Iniciando processo de busca de links de download
2025-04-28 10:19:49,830 - INFO - Conexão ao PostgreSQL estabelecida com sucesso
2025-04-28 10:19:49,835 - INFO - Encontradas 190 solicitações aguardando links
2025-04-28 10:19:49,836 - INFO - Iniciando navegador chrome com Selenoid
2025-04-28 10:19:49,836 - INFO - Conectando ao Selenoid em: http://localhost:4444/wd/hub
2025-04-28 10:19:49,850 - ERROR - Erro ao iniciar o navegador com Selenoid: Message: Requested environment is not available

2025-04-28 10:19:49,850 - ERROR - Falha na autenticação ou inicialização do navegador
2025-04-28 10:19:49,851 - INFO - Processo finalizado
2025-04-28 10:20:26,280 - INFO - ================================================================================
2025-04-28 10:20:26,280 - INFO - INICIANDO PROCESSO DE BUSCA DE LINKS DE DOWNLOAD
2025-04-28 10:20:26,280 - INFO - ================================================================================
2025-04-28 10:20:26,281 - INFO - Iniciando processo de busca de links de download
2025-04-28 10:20:26,342 - INFO - Conexão ao PostgreSQL estabelecida com sucesso
2025-04-28 10:20:26,348 - INFO - Encontradas 190 solicitações aguardando links
2025-04-28 10:20:26,349 - INFO - Iniciando navegador chrome com Selenoid
2025-04-28 10:20:26,349 - INFO - Conectando ao Selenoid em: http://localhost:4444/wd/hub
2025-04-28 10:20:26,360 - ERROR - Erro ao iniciar o navegador com Selenoid: Message: Requested environment is not available

2025-04-28 10:20:26,361 - ERROR - Falha na autenticação ou inicialização do navegador
2025-04-28 10:20:26,361 - INFO - Processo finalizado
2025-04-28 10:21:23,231 - INFO - ================================================================================
2025-04-28 10:21:23,231 - INFO - INICIANDO PROCESSO DE BUSCA DE LINKS DE DOWNLOAD
2025-04-28 10:21:23,231 - INFO - ================================================================================
2025-04-28 10:21:23,232 - INFO - Iniciando processo de busca de links de download
2025-04-28 10:21:23,285 - INFO - Conexão ao PostgreSQL estabelecida com sucesso
2025-04-28 10:21:23,290 - INFO - Encontradas 190 solicitações aguardando links
2025-04-28 10:21:23,290 - INFO - Iniciando navegador chrome com Selenoid
2025-04-28 10:21:23,290 - INFO - Conectando ao Selenoid em: http://localhost:4444/wd/hub
2025-04-28 10:21:23,300 - ERROR - Erro ao iniciar o navegador com Selenoid: Message: Requested environment is not available

2025-04-28 10:21:23,301 - ERROR - Falha na autenticação ou inicialização do navegador
2025-04-28 10:21:23,302 - INFO - Processo finalizado
2025-04-28 10:23:55,695 - INFO - ================================================================================
2025-04-28 10:23:55,695 - INFO - INICIANDO PROCESSO DE BUSCA DE LINKS DE DOWNLOAD
2025-04-28 10:23:55,695 - INFO - ================================================================================
2025-04-28 10:23:55,696 - INFO - Iniciando processo de busca de links de download
2025-04-28 10:23:55,748 - INFO - Conexão ao PostgreSQL estabelecida com sucesso
2025-04-28 10:23:55,753 - INFO - Encontradas 190 solicitações aguardando links
2025-04-28 10:23:55,753 - INFO - Iniciando navegador chrome com Selenoid
2025-04-28 10:23:55,754 - INFO - Conectando ao Selenoid em: http://localhost:4444/wd/hub
2025-04-28 10:23:59,901 - INFO - Autenticando no SEFAZ
2025-04-28 10:23:59,915 - INFO - Conexão ao MySQL estabelecida com sucesso
2025-04-28 10:24:01,141 - INFO - Autenticação bem-sucedida
2025-04-28 10:24:01,141 - INFO - Acessando página: https://www4.sefaz.pb.gov.br/atf/seg/SEGf_MinhasMensagens.do?limparSessao=true
2025-04-28 10:24:14,216 - INFO - Procurando links de download disponíveis
2025-04-28 10:28:26,488 - INFO - Total de 0 links encontrados e atualizados
2025-04-28 10:28:26,489 - INFO - Nenhum link correspondente encontrado
2025-04-28 10:28:26,593 - INFO - Processo finalizado
2025-04-28 10:29:00,053 - INFO - ================================================================================
2025-04-28 10:29:00,053 - INFO - INICIANDO PROCESSO DE BUSCA DE LINKS DE DOWNLOAD
2025-04-28 10:29:00,053 - INFO - ================================================================================
2025-04-28 10:29:00,053 - INFO - Iniciando processo de busca de links de download
2025-04-28 10:29:00,215 - INFO - Conexão ao PostgreSQL estabelecida com sucesso
2025-04-28 10:29:00,220 - INFO - Encontradas 190 solicitações aguardando links
2025-04-28 10:29:00,220 - INFO - Iniciando navegador firefox com Selenoid
2025-04-28 10:29:00,221 - INFO - Conectando ao Selenoid em: http://localhost:4444/wd/hub
2025-04-28 10:29:01,731 - ERROR - Erro ao iniciar o navegador com Selenoid: Message: Requested environment is not available

2025-04-28 10:29:01,731 - ERROR - Falha na autenticação ou inicialização do navegador
2025-04-28 10:29:01,732 - INFO - Processo finalizado
2025-04-28 10:29:35,074 - INFO - ================================================================================
2025-04-28 10:29:35,075 - INFO - INICIANDO PROCESSO DE BUSCA DE LINKS DE DOWNLOAD
2025-04-28 10:29:35,075 - INFO - ================================================================================
2025-04-28 10:29:35,075 - INFO - Iniciando processo de busca de links de download
2025-04-28 10:29:35,129 - INFO - Conexão ao PostgreSQL estabelecida com sucesso
2025-04-28 10:29:35,134 - INFO - Encontradas 190 solicitações aguardando links
2025-04-28 10:29:35,134 - INFO - Iniciando navegador firefox com Selenoid
2025-04-28 10:29:35,135 - INFO - Conectando ao Selenoid em: http://localhost:4444/wd/hub
2025-04-28 10:29:36,389 - ERROR - Erro ao iniciar o navegador com Selenoid: Message: Requested environment is not available

2025-04-28 10:29:36,390 - ERROR - Falha na autenticação ou inicialização do navegador
2025-04-28 10:29:36,390 - INFO - Processo finalizado
2025-04-28 10:30:12,154 - INFO - ================================================================================
2025-04-28 10:30:12,154 - INFO - INICIANDO PROCESSO DE BUSCA DE LINKS DE DOWNLOAD
2025-04-28 10:30:12,155 - INFO - ================================================================================
2025-04-28 10:30:12,155 - INFO - Iniciando processo de busca de links de download
2025-04-28 10:30:12,210 - INFO - Conexão ao PostgreSQL estabelecida com sucesso
2025-04-28 10:30:12,216 - INFO - Encontradas 190 solicitações aguardando links
2025-04-28 10:30:12,217 - INFO - Iniciando navegador firefox com Selenoid
2025-04-28 10:30:12,217 - INFO - Conectando ao Selenoid em: http://localhost:4444/wd/hub
2025-04-28 10:30:13,592 - ERROR - Erro ao iniciar o navegador com Selenoid: Message: Requested environment is not available

2025-04-28 10:30:13,593 - ERROR - Falha na autenticação ou inicialização do navegador
2025-04-28 10:30:13,593 - INFO - Processo finalizado
2025-04-28 10:31:21,532 - INFO - ================================================================================
2025-04-28 10:31:21,532 - INFO - INICIANDO PROCESSO DE BUSCA DE LINKS DE DOWNLOAD
2025-04-28 10:31:21,532 - INFO - ================================================================================
2025-04-28 10:31:21,533 - INFO - Iniciando processo de busca de links de download
2025-04-28 10:31:21,585 - INFO - Conexão ao PostgreSQL estabelecida com sucesso
2025-04-28 10:31:21,590 - INFO - Encontradas 190 solicitações aguardando links
2025-04-28 10:31:21,590 - INFO - Iniciando navegador firefox com Selenoid
2025-04-28 10:31:21,591 - INFO - Conectando ao Selenoid em: http://localhost:4444/wd/hub
2025-04-28 10:31:22,951 - ERROR - Erro ao iniciar o navegador com Selenoid: Message: Requested environment is not available

2025-04-28 10:31:22,951 - ERROR - Falha na autenticação ou inicialização do navegador
2025-04-28 10:31:22,952 - INFO - Processo finalizado
2025-04-28 10:35:08,776 - INFO - ================================================================================
2025-04-28 10:35:08,777 - INFO - INICIANDO PROCESSO DE BUSCA DE LINKS DE DOWNLOAD
2025-04-28 10:35:08,777 - INFO - ================================================================================
2025-04-28 10:35:08,777 - INFO - Iniciando processo de busca de links de download
2025-04-28 10:35:08,832 - INFO - Conexão ao PostgreSQL estabelecida com sucesso
2025-04-28 10:35:08,838 - INFO - Encontradas 190 solicitações aguardando links
2025-04-28 10:35:08,838 - INFO - Iniciando navegador chrome com Selenoid
2025-04-28 10:35:08,838 - INFO - Conectando ao Selenoid em: http://localhost:4444/wd/hub
2025-04-28 10:35:10,796 - INFO - Autenticando no SEFAZ
2025-04-28 10:35:10,811 - INFO - Conexão ao MySQL estabelecida com sucesso
2025-04-28 10:35:12,194 - INFO - Autenticação bem-sucedida
2025-04-28 10:35:12,195 - INFO - Acessando página: https://www4.sefaz.pb.gov.br/atf/seg/SEGf_MinhasMensagens.do?limparSessao=true
2025-04-28 10:35:22,320 - INFO - Procurando links de download disponíveis
2025-04-28 10:35:22,389 - INFO - Tabela carregada, processando linhas...
2025-04-28 10:35:22,437 - INFO - Encontradas 599 linhas com anexos para processar
2025-04-28 10:35:23,073 - INFO - Progresso: 10/599 linhas processadas (1.7%) em 0.6s
2025-04-28 10:35:24,722 - INFO - Progresso: 20/599 linhas processadas (3.3%) em 2.3s
2025-04-28 10:35:26,519 - INFO - Progresso: 30/599 linhas processadas (5.0%) em 4.1s
2025-04-28 10:35:28,509 - INFO - Progresso: 40/599 linhas processadas (6.7%) em 6.1s
2025-04-28 10:35:30,322 - INFO - Progresso: 50/599 linhas processadas (8.3%) em 7.9s
2025-04-28 10:35:32,258 - INFO - Progresso: 60/599 linhas processadas (10.0%) em 9.8s
2025-04-28 10:35:34,108 - INFO - Progresso: 70/599 linhas processadas (11.7%) em 11.7s
2025-04-28 10:35:35,169 - INFO - Progresso: 80/599 linhas processadas (13.4%) em 12.7s
2025-04-28 10:35:37,089 - INFO - Progresso: 90/599 linhas processadas (15.0%) em 14.7s
2025-04-28 10:35:39,079 - INFO - Progresso: 100/599 linhas processadas (16.7%) em 16.6s
2025-04-28 10:35:41,049 - INFO - Progresso: 110/599 linhas processadas (18.4%) em 18.6s
2025-04-28 10:35:43,037 - INFO - Progresso: 120/599 linhas processadas (20.0%) em 20.6s
2025-04-28 10:35:45,033 - INFO - Progresso: 130/599 linhas processadas (21.7%) em 22.6s
2025-04-28 10:35:46,252 - INFO - Progresso: 140/599 linhas processadas (23.4%) em 23.8s
2025-04-28 10:35:46,951 - INFO - Progresso: 150/599 linhas processadas (25.0%) em 24.5s
2025-04-28 10:35:48,051 - INFO - Progresso: 160/599 linhas processadas (26.7%) em 25.6s
2025-04-28 10:35:49,278 - INFO - Progresso: 170/599 linhas processadas (28.4%) em 26.8s
2025-04-28 10:35:50,997 - INFO - Progresso: 180/599 linhas processadas (30.1%) em 28.6s
2025-04-28 10:35:52,808 - INFO - Progresso: 190/599 linhas processadas (31.7%) em 30.4s
2025-04-28 10:35:54,797 - INFO - Progresso: 200/599 linhas processadas (33.4%) em 32.4s
2025-04-28 10:35:56,841 - INFO - Progresso: 210/599 linhas processadas (35.1%) em 34.4s
2025-04-28 10:35:58,828 - INFO - Progresso: 220/599 linhas processadas (36.7%) em 36.4s
2025-04-28 10:36:00,828 - INFO - Progresso: 230/599 linhas processadas (38.4%) em 38.4s
2025-04-28 10:36:02,878 - INFO - Progresso: 240/599 linhas processadas (40.1%) em 40.4s
2025-04-28 10:36:04,867 - INFO - Progresso: 250/599 linhas processadas (41.7%) em 42.4s
2025-04-28 10:36:06,819 - INFO - Progresso: 260/599 linhas processadas (43.4%) em 44.4s
2025-04-28 10:36:08,798 - INFO - Progresso: 270/599 linhas processadas (45.1%) em 46.4s
2025-04-28 10:36:10,819 - INFO - Progresso: 280/599 linhas processadas (46.7%) em 48.4s
2025-04-28 10:36:12,811 - INFO - Progresso: 290/599 linhas processadas (48.4%) em 50.4s
2025-04-28 10:36:14,787 - INFO - Progresso: 300/599 linhas processadas (50.1%) em 52.3s
2025-04-28 10:36:16,807 - INFO - Progresso: 310/599 linhas processadas (51.8%) em 54.4s
2025-04-28 10:36:18,777 - INFO - Progresso: 320/599 linhas processadas (53.4%) em 56.3s
2025-04-28 10:36:20,776 - INFO - Progresso: 330/599 linhas processadas (55.1%) em 58.3s
2025-04-28 10:36:22,766 - INFO - Progresso: 340/599 linhas processadas (56.8%) em 60.3s
2025-04-28 10:36:24,726 - INFO - Progresso: 350/599 linhas processadas (58.4%) em 62.3s
2025-04-28 10:36:26,191 - INFO - Progresso: 360/599 linhas processadas (60.1%) em 63.8s
2025-04-28 10:36:26,890 - INFO - Progresso: 370/599 linhas processadas (61.8%) em 64.5s
2025-04-28 10:36:27,847 - INFO - Progresso: 380/599 linhas processadas (63.4%) em 65.4s
2025-04-28 10:36:29,849 - INFO - Progresso: 390/599 linhas processadas (65.1%) em 67.4s
2025-04-28 10:36:31,815 - INFO - Progresso: 400/599 linhas processadas (66.8%) em 69.4s
2025-04-28 10:36:33,786 - INFO - Progresso: 410/599 linhas processadas (68.4%) em 71.3s
2025-04-28 10:36:35,496 - INFO - Progresso: 420/599 linhas processadas (70.1%) em 73.1s
2025-04-28 10:36:37,509 - INFO - Progresso: 430/599 linhas processadas (71.8%) em 75.1s
2025-04-28 10:36:39,476 - INFO - Progresso: 440/599 linhas processadas (73.5%) em 77.0s
2025-04-28 10:36:41,296 - INFO - Progresso: 450/599 linhas processadas (75.1%) em 78.9s
2025-04-28 10:36:43,126 - INFO - Progresso: 460/599 linhas processadas (76.8%) em 80.7s
2025-04-28 10:36:45,066 - INFO - Progresso: 470/599 linhas processadas (78.5%) em 82.6s
2025-04-28 10:36:47,016 - INFO - Progresso: 480/599 linhas processadas (80.1%) em 84.6s
2025-04-28 10:36:48,996 - INFO - Progresso: 490/599 linhas processadas (81.8%) em 86.6s
2025-04-28 10:36:50,685 - INFO - Progresso: 500/599 linhas processadas (83.5%) em 88.2s
2025-04-28 10:36:51,378 - INFO - Progresso: 510/599 linhas processadas (85.1%) em 88.9s
2025-04-28 10:36:52,595 - INFO - Progresso: 520/599 linhas processadas (86.8%) em 90.2s
2025-04-28 10:36:54,555 - INFO - Progresso: 530/599 linhas processadas (88.5%) em 92.1s
2025-04-28 10:36:56,305 - INFO - Progresso: 540/599 linhas processadas (90.2%) em 93.9s
2025-04-28 10:36:57,403 - INFO - Progresso: 550/599 linhas processadas (91.8%) em 95.0s
2025-04-28 10:36:58,385 - INFO - Progresso: 560/599 linhas processadas (93.5%) em 95.9s
2025-04-28 10:36:59,256 - INFO - Progresso: 570/599 linhas processadas (95.2%) em 96.8s
2025-04-28 10:37:00,100 - INFO - Progresso: 580/599 linhas processadas (96.8%) em 97.7s
2025-04-28 10:37:01,318 - INFO - Progresso: 590/599 linhas processadas (98.5%) em 98.9s
2025-04-28 10:37:02,019 - INFO - Processamento concluído: 599/599 linhas processadas em 99.6s
2025-04-28 10:37:02,019 - INFO - Total de 0 links encontrados e atualizados
2025-04-28 10:37:02,019 - INFO - Nenhum link correspondente encontrado
2025-04-28 10:37:02,123 - INFO - Processo finalizado
