2025-04-30 17:42:10,003 - INFO - ================================================================================
2025-04-30 17:42:10,004 - INFO - INICIANDO PROCESSO DE BUSCA DE LINKS (EXEC-20250430-174210)
2025-04-30 17:42:10,004 - INFO - ================================================================================
2025-04-30 17:42:10,047 - INFO - Conexão ao PostgreSQL estabelecida com sucesso
2025-04-30 17:42:10,065 - INFO - Encontradas 69 solicitações aguardando links
2025-04-30 17:42:10,066 - INFO - Iniciando navegador chrome com Selenoid
2025-04-30 17:42:10,066 - INFO - Conectando ao Selenoid em: http://localhost:4444/wd/hub
2025-04-30 17:42:16,339 - INFO - Autenticando no SEFAZ
2025-04-30 17:42:16,353 - INFO - Conexão ao MySQL estabelecida com sucesso
2025-04-30 17:42:18,275 - INFO - Autenticação bem-sucedida
2025-04-30 17:42:18,276 - INFO - Acessando página: https://www4.sefaz.pb.gov.br/atf/seg/SEGf_MinhasMensagens.do?limparSessao=true
2025-04-30 17:42:41,795 - INFO - Procurando links de download disponíveis
2025-04-30 17:42:42,046 - INFO - Tabela carregada, processando linhas...
2025-04-30 17:42:42,594 - INFO - Encontradas 599 linhas com anexos para processar
2025-04-30 17:42:43,107 - INFO - Conexão ao PostgreSQL estabelecida com sucesso
2025-04-30 17:42:43,112 - INFO - Link atualizado para solicitação 125
2025-04-30 17:42:43,113 - INFO - Link adicionado para solicitação 125 (horário 30/04/2025 17:42:02)
2025-04-30 17:42:43,284 - INFO - Conexão ao PostgreSQL estabelecida com sucesso
2025-04-30 17:42:43,288 - INFO - Link atualizado para solicitação 122
2025-04-30 17:42:43,288 - INFO - Link adicionado para solicitação 122 (horário 30/04/2025 17:41:32)
2025-04-30 17:42:43,421 - INFO - Conexão ao PostgreSQL estabelecida com sucesso
2025-04-30 17:42:43,426 - INFO - Link atualizado para solicitação 130
2025-04-30 17:42:43,428 - INFO - Link adicionado para solicitação 130 (horário 30/04/2025 17:40:03)
2025-04-30 17:42:43,613 - INFO - Conexão ao PostgreSQL estabelecida com sucesso
2025-04-30 17:42:43,626 - INFO - Link atualizado para solicitação 107
2025-04-30 17:42:43,626 - INFO - Link adicionado para solicitação 107 (horário 30/04/2025 17:37:32)
2025-04-30 17:42:43,886 - INFO - Conexão ao PostgreSQL estabelecida com sucesso
2025-04-30 17:42:43,889 - INFO - Link atualizado para solicitação 102
2025-04-30 17:42:43,890 - INFO - Link adicionado para solicitação 102 (horário 30/04/2025 17:36:33)
2025-04-30 17:42:44,211 - INFO - Conexão ao PostgreSQL estabelecida com sucesso
2025-04-30 17:42:44,219 - INFO - Link atualizado para solicitação 100
2025-04-30 17:42:44,219 - INFO - Link adicionado para solicitação 100 (horário 30/04/2025 17:36:02)
2025-04-30 17:42:44,469 - INFO - Conexão ao PostgreSQL estabelecida com sucesso
2025-04-30 17:42:44,476 - INFO - Link atualizado para solicitação 99
2025-04-30 17:42:44,478 - INFO - Link adicionado para solicitação 99 (horário 30/04/2025 17:35:32)
2025-04-30 17:42:44,693 - INFO - Conexão ao PostgreSQL estabelecida com sucesso
2025-04-30 17:42:44,701 - INFO - Link atualizado para solicitação 116
2025-04-30 17:42:44,702 - INFO - Link adicionado para solicitação 116 (horário 30/04/2025 17:35:02)
2025-04-30 17:42:44,976 - INFO - Conexão ao PostgreSQL estabelecida com sucesso
2025-04-30 17:42:44,995 - INFO - Link atualizado para solicitação 113
2025-04-30 17:42:44,996 - INFO - Link adicionado para solicitação 113 (horário 30/04/2025 17:34:02)
2025-04-30 17:42:44,996 - INFO - Progresso: 10/599 linhas processadas (1.7%) em 2.4s
2025-04-30 17:42:45,400 - INFO - Conexão ao PostgreSQL estabelecida com sucesso
2025-04-30 17:42:45,410 - INFO - Link atualizado para solicitação 112
2025-04-30 17:42:45,410 - INFO - Link adicionado para solicitação 112 (horário 30/04/2025 17:33:32)
2025-04-30 17:42:45,651 - INFO - Conexão ao PostgreSQL estabelecida com sucesso
2025-04-30 17:42:45,661 - INFO - Link atualizado para solicitação 109
2025-04-30 17:42:45,662 - INFO - Link adicionado para solicitação 109 (horário 30/04/2025 17:33:03)
2025-04-30 17:42:45,863 - INFO - Conexão ao PostgreSQL estabelecida com sucesso
2025-04-30 17:42:45,868 - INFO - Link atualizado para solicitação 105
2025-04-30 17:42:45,869 - INFO - Link adicionado para solicitação 105 (horário 30/04/2025 17:32:02)
2025-04-30 17:42:46,039 - INFO - Conexão ao PostgreSQL estabelecida com sucesso
2025-04-30 17:42:46,045 - INFO - Link atualizado para solicitação 101
2025-04-30 17:42:46,047 - INFO - Link adicionado para solicitação 101 (horário 30/04/2025 17:31:32)
2025-04-30 17:42:46,212 - INFO - Conexão ao PostgreSQL estabelecida com sucesso
2025-04-30 17:42:46,217 - INFO - Link atualizado para solicitação 117
2025-04-30 17:42:46,218 - INFO - Link adicionado para solicitação 117 (horário 30/04/2025 17:31:02)
2025-04-30 17:42:46,371 - INFO - Conexão ao PostgreSQL estabelecida com sucesso
2025-04-30 17:42:46,377 - INFO - Link atualizado para solicitação 114
2025-04-30 17:42:46,380 - INFO - Link adicionado para solicitação 114 (horário 30/04/2025 17:30:32)
2025-04-30 17:42:46,587 - INFO - Conexão ao PostgreSQL estabelecida com sucesso
2025-04-30 17:42:46,592 - INFO - Link atualizado para solicitação 106
2025-04-30 17:42:46,592 - INFO - Link adicionado para solicitação 106 (horário 30/04/2025 17:29:33)
2025-04-30 17:42:46,797 - INFO - Conexão ao PostgreSQL estabelecida com sucesso
2025-04-30 17:42:46,805 - INFO - Link atualizado para solicitação 118
2025-04-30 17:42:46,806 - INFO - Link adicionado para solicitação 118 (horário 30/04/2025 17:29:02)
2025-04-30 17:42:46,952 - INFO - Conexão ao PostgreSQL estabelecida com sucesso
2025-04-30 17:42:46,960 - INFO - Link atualizado para solicitação 111
2025-04-30 17:42:46,960 - INFO - Link adicionado para solicitação 111 (horário 30/04/2025 17:28:32)
2025-04-30 17:42:47,061 - INFO - Progresso: 20/599 linhas processadas (3.3%) em 4.5s
2025-04-30 17:42:47,913 - INFO - Progresso: 30/599 linhas processadas (5.0%) em 5.3s
2025-04-30 17:42:49,077 - INFO - Progresso: 40/599 linhas processadas (6.7%) em 6.5s
2025-04-30 17:42:50,146 - INFO - Progresso: 50/599 linhas processadas (8.3%) em 7.5s
2025-04-30 17:42:51,270 - INFO - Progresso: 60/599 linhas processadas (10.0%) em 8.7s
2025-04-30 17:42:52,194 - INFO - Progresso: 70/599 linhas processadas (11.7%) em 9.6s
2025-04-30 17:42:53,658 - INFO - Progresso: 80/599 linhas processadas (13.4%) em 11.1s
2025-04-30 17:42:54,383 - INFO - Progresso: 90/599 linhas processadas (15.0%) em 11.8s
2025-04-30 17:42:55,337 - INFO - Progresso: 100/599 linhas processadas (16.7%) em 12.7s
2025-04-30 17:42:56,387 - INFO - Progresso: 110/599 linhas processadas (18.4%) em 13.8s
2025-04-30 17:42:57,290 - INFO - Progresso: 120/599 linhas processadas (20.0%) em 14.7s
2025-04-30 17:42:58,092 - INFO - Progresso: 130/599 linhas processadas (21.7%) em 15.5s
2025-04-30 17:42:58,963 - INFO - Progresso: 140/599 linhas processadas (23.4%) em 16.4s
2025-04-30 17:42:59,964 - INFO - Progresso: 150/599 linhas processadas (25.0%) em 17.4s
2025-04-30 17:43:00,996 - INFO - Progresso: 160/599 linhas processadas (26.7%) em 18.4s
2025-04-30 17:43:01,895 - INFO - Progresso: 170/599 linhas processadas (28.4%) em 19.3s
2025-04-30 17:43:02,741 - INFO - Progresso: 180/599 linhas processadas (30.1%) em 20.1s
2025-04-30 17:43:04,474 - INFO - Progresso: 190/599 linhas processadas (31.7%) em 21.9s
2025-04-30 17:43:05,997 - INFO - Progresso: 200/599 linhas processadas (33.4%) em 23.4s
2025-04-30 17:43:06,351 - INFO - Progresso: 210/599 linhas processadas (35.1%) em 23.8s
2025-04-30 17:43:06,845 - INFO - Progresso: 220/599 linhas processadas (36.7%) em 24.2s
2025-04-30 17:43:07,318 - INFO - Progresso: 230/599 linhas processadas (38.4%) em 24.7s
2025-04-30 17:43:08,162 - INFO - Progresso: 240/599 linhas processadas (40.1%) em 25.6s
2025-04-30 17:43:09,011 - INFO - Progresso: 250/599 linhas processadas (41.7%) em 26.4s
2025-04-30 17:43:09,933 - INFO - Progresso: 260/599 linhas processadas (43.4%) em 27.3s
2025-04-30 17:43:11,615 - INFO - Progresso: 270/599 linhas processadas (45.1%) em 29.0s
2025-04-30 17:43:13,298 - INFO - Progresso: 280/599 linhas processadas (46.7%) em 30.7s
2025-04-30 17:43:14,806 - INFO - Progresso: 290/599 linhas processadas (48.4%) em 32.2s
2025-04-30 17:43:15,969 - INFO - Progresso: 300/599 linhas processadas (50.1%) em 33.4s
2025-04-30 17:43:17,114 - INFO - Progresso: 310/599 linhas processadas (51.8%) em 34.5s
2025-04-30 17:43:18,716 - INFO - Progresso: 320/599 linhas processadas (53.4%) em 36.1s
2025-04-30 17:43:20,362 - INFO - Progresso: 330/599 linhas processadas (55.1%) em 37.8s
2025-04-30 17:43:21,699 - INFO - Progresso: 340/599 linhas processadas (56.8%) em 39.1s
2025-04-30 17:43:23,383 - INFO - Progresso: 350/599 linhas processadas (58.4%) em 40.8s
2025-04-30 17:43:24,850 - INFO - Progresso: 360/599 linhas processadas (60.1%) em 42.3s
2025-04-30 17:43:26,184 - INFO - Progresso: 370/599 linhas processadas (61.8%) em 43.6s
2025-04-30 17:43:26,983 - INFO - Progresso: 380/599 linhas processadas (63.4%) em 44.4s
2025-04-30 17:43:28,630 - INFO - Progresso: 390/599 linhas processadas (65.1%) em 46.0s
2025-04-30 17:43:30,243 - INFO - Progresso: 400/599 linhas processadas (66.8%) em 47.6s
2025-04-30 17:43:31,888 - INFO - Progresso: 410/599 linhas processadas (68.4%) em 49.3s
2025-04-30 17:43:33,488 - INFO - Progresso: 420/599 linhas processadas (70.1%) em 50.9s
2025-04-30 17:43:34,762 - INFO - Progresso: 430/599 linhas processadas (71.8%) em 52.2s
2025-04-30 17:43:36,079 - INFO - Progresso: 440/599 linhas processadas (73.5%) em 53.5s
2025-04-30 17:43:37,088 - INFO - Progresso: 450/599 linhas processadas (75.1%) em 54.5s
2025-04-30 17:43:37,725 - INFO - Progresso: 460/599 linhas processadas (76.8%) em 55.1s
2025-04-30 17:43:39,132 - INFO - Progresso: 470/599 linhas processadas (78.5%) em 56.5s
2025-04-30 17:43:40,585 - INFO - Progresso: 480/599 linhas processadas (80.1%) em 58.0s
2025-04-30 17:43:42,065 - INFO - Progresso: 490/599 linhas processadas (81.8%) em 59.5s
2025-04-30 17:43:43,757 - INFO - Progresso: 500/599 linhas processadas (83.5%) em 61.2s
2025-04-30 17:43:44,919 - INFO - Progresso: 510/599 linhas processadas (85.1%) em 62.3s
2025-04-30 17:43:46,065 - INFO - Progresso: 520/599 linhas processadas (86.8%) em 63.5s
2025-04-30 17:43:46,919 - INFO - Progresso: 530/599 linhas processadas (88.5%) em 64.3s
2025-04-30 17:43:48,047 - INFO - Progresso: 540/599 linhas processadas (90.2%) em 65.5s
2025-04-30 17:43:49,080 - INFO - Progresso: 550/599 linhas processadas (91.8%) em 66.5s
2025-04-30 17:43:50,407 - INFO - Progresso: 560/599 linhas processadas (93.5%) em 67.8s
2025-04-30 17:43:51,617 - INFO - Progresso: 570/599 linhas processadas (95.2%) em 69.0s
2025-04-30 17:43:52,886 - INFO - Progresso: 580/599 linhas processadas (96.8%) em 70.3s
2025-04-30 17:43:54,131 - INFO - Progresso: 590/599 linhas processadas (98.5%) em 71.5s
2025-04-30 17:43:54,585 - INFO - Processamento concluído: 599/599 linhas processadas em 72.0s
2025-04-30 17:43:54,586 - INFO - Total de 18 links encontrados e atualizados
2025-04-30 17:43:54,586 - INFO - [EXEC-20250430-174210] Processo concluído com sucesso: 18 links encontrados e salvos
2025-04-30 17:43:54,716 - INFO - [EXEC-20250430-174210] Navegador fechado
2025-04-30 17:43:54,716 - INFO - [EXEC-20250430-174210] Processo finalizado
