2025-04-30 17:28:08,234 - INFO - ================================================================================
2025-04-30 17:28:08,234 - INFO - INICIANDO SERVIÇO DE MONITORAMENTO E SOLICITAÇÃO DE ARQUIVOS XML
2025-04-30 17:28:08,234 - INFO - ================================================================================
2025-04-30 17:28:08,235 - INFO - Serviço iniciado com limite de 20 solicitações por ciclo
2025-04-30 17:28:08,235 - INFO - Intervalo de verificação: 60 segundos
2025-04-30 17:28:08,235 - INFO - Tempo de inatividade para fechar navegador: 300 segundos
2025-04-30 17:28:08,235 - INFO - Monitoramento de memória: alerta em 70.0%, reinício em 85.0%
2025-04-30 17:28:08,236 - INFO - PID 379116 registrado em /home/desenvolvimento/DownloadATF/solicitar_xmls_service.pid
2025-04-30 17:28:08,258 - INFO - Conexão ao PostgreSQL estabelecida com sucesso
2025-04-30 17:28:08,264 - INFO - Encontradas 20 solicitações pendentes
2025-04-30 17:28:08,265 - INFO - Iniciando solicitações de NFC-e para 20 registros...
2025-04-30 17:28:08,265 - INFO - Inicializando o navegador...
2025-04-30 17:28:08,265 - INFO - Iniciando navegador chrome com Selenoid
2025-04-30 17:28:08,265 - INFO - Conectando ao Selenoid em: http://localhost:4444/wd/hub
2025-04-30 17:28:12,454 - INFO - Autenticando no SEFAZ
2025-04-30 17:28:12,463 - INFO - Conexão ao MySQL estabelecida com sucesso
2025-04-30 17:28:13,999 - INFO - Autenticação bem-sucedida
2025-04-30 17:28:14,000 - INFO - Navegador inicializado e autenticado com sucesso
2025-04-30 17:28:14,000 - INFO - Acessando página: https://www4.sefaz.pb.gov.br/atf/fis/FISf_ConsultaGenericaEmitenteNFCe.do?limparSessao=true
2025-04-30 17:28:17,668 - INFO - Solicitando NFC-e para IE: 164345698
2025-04-30 17:28:31,412 - INFO - Conexão ao PostgreSQL estabelecida com sucesso
2025-04-30 17:28:31,433 - INFO - Solicitação 111 atualizada com sucesso
2025-04-30 17:28:41,436 - INFO - Solicitação 111 processada com sucesso
2025-04-30 17:28:41,437 - INFO - Acessando página: https://www4.sefaz.pb.gov.br/atf/fis/FISf_ConsultaGenericaEmitenteNFCe.do?limparSessao=true
2025-04-30 17:28:43,039 - INFO - Solicitando NFC-e para IE: 161639984
2025-04-30 17:29:01,554 - INFO - Conexão ao PostgreSQL estabelecida com sucesso
2025-04-30 17:29:01,568 - INFO - Solicitação 118 atualizada com sucesso
2025-04-30 17:29:11,570 - INFO - Solicitação 118 processada com sucesso
2025-04-30 17:29:11,573 - INFO - Acessando página: https://www4.sefaz.pb.gov.br/atf/fis/FISf_ConsultaGenericaEmitenteNFCe.do?limparSessao=true
2025-04-30 17:29:12,837 - INFO - Solicitando NFC-e para IE: 164243615
2025-04-30 17:29:31,763 - INFO - Conexão ao PostgreSQL estabelecida com sucesso
2025-04-30 17:29:31,792 - INFO - Solicitação 106 atualizada com sucesso
2025-04-30 17:29:41,794 - INFO - Solicitação 106 processada com sucesso
2025-04-30 17:29:41,794 - INFO - Acessando página: https://www4.sefaz.pb.gov.br/atf/fis/FISf_ConsultaGenericaEmitenteNFCe.do?limparSessao=true
2025-04-30 17:29:42,912 - INFO - Solicitando NFC-e para IE: 164251383
2025-04-30 17:30:01,779 - INFO - Conexão ao PostgreSQL estabelecida com sucesso
2025-04-30 17:30:01,793 - INFO - Solicitação 110 atualizada com sucesso
2025-04-30 17:30:11,794 - INFO - Solicitação 110 processada com sucesso
2025-04-30 17:30:11,794 - INFO - Acessando página: https://www4.sefaz.pb.gov.br/atf/fis/FISf_ConsultaGenericaEmitenteNFCe.do?limparSessao=true
2025-04-30 17:30:13,160 - INFO - Solicitando NFC-e para IE: 164373713
2025-04-30 17:30:31,411 - INFO - Conexão ao PostgreSQL estabelecida com sucesso
2025-04-30 17:30:31,420 - INFO - Solicitação 114 atualizada com sucesso
2025-04-30 17:30:41,421 - INFO - Solicitação 114 processada com sucesso
2025-04-30 17:30:41,421 - INFO - Acessando página: https://www4.sefaz.pb.gov.br/atf/fis/FISf_ConsultaGenericaEmitenteNFCe.do?limparSessao=true
2025-04-30 17:30:42,389 - INFO - Solicitando NFC-e para IE: 164430814
2025-04-30 17:31:01,560 - INFO - Conexão ao PostgreSQL estabelecida com sucesso
2025-04-30 17:31:01,572 - INFO - Solicitação 117 atualizada com sucesso
2025-04-30 17:31:11,573 - INFO - Solicitação 117 processada com sucesso
2025-04-30 17:31:11,574 - INFO - Acessando página: https://www4.sefaz.pb.gov.br/atf/fis/FISf_ConsultaGenericaEmitenteNFCe.do?limparSessao=true
2025-04-30 17:31:12,888 - INFO - Solicitando NFC-e para IE: 161030386
2025-04-30 17:31:31,801 - INFO - Conexão ao PostgreSQL estabelecida com sucesso
2025-04-30 17:31:31,813 - INFO - Solicitação 101 atualizada com sucesso
2025-04-30 17:31:41,814 - INFO - Solicitação 101 processada com sucesso
2025-04-30 17:31:41,814 - INFO - Acessando página: https://www4.sefaz.pb.gov.br/atf/fis/FISf_ConsultaGenericaEmitenteNFCe.do?limparSessao=true
2025-04-30 17:31:42,857 - INFO - Solicitando NFC-e para IE: 164237151
2025-04-30 17:32:01,341 - INFO - Conexão ao PostgreSQL estabelecida com sucesso
2025-04-30 17:32:01,359 - INFO - Solicitação 105 atualizada com sucesso
2025-04-30 17:32:11,360 - INFO - Solicitação 105 processada com sucesso
2025-04-30 17:32:11,361 - INFO - Acessando página: https://www4.sefaz.pb.gov.br/atf/fis/FISf_ConsultaGenericaEmitenteNFCe.do?limparSessao=true
2025-04-30 17:32:12,527 - INFO - Solicitando NFC-e para IE: 164258957
2025-04-30 17:32:31,713 - INFO - Conexão ao PostgreSQL estabelecida com sucesso
2025-04-30 17:32:31,720 - INFO - Solicitação 108 atualizada com sucesso
2025-04-30 17:32:41,723 - INFO - Solicitação 108 processada com sucesso
2025-04-30 17:32:41,724 - INFO - Acessando página: https://www4.sefaz.pb.gov.br/atf/fis/FISf_ConsultaGenericaEmitenteNFCe.do?limparSessao=true
2025-04-30 17:32:42,885 - INFO - Solicitando NFC-e para IE: 164311505
2025-04-30 17:33:02,129 - INFO - Conexão ao PostgreSQL estabelecida com sucesso
2025-04-30 17:33:02,145 - INFO - Solicitação 109 atualizada com sucesso
2025-04-30 17:33:12,149 - INFO - Solicitação 109 processada com sucesso
2025-04-30 17:33:12,149 - INFO - Acessando página: https://www4.sefaz.pb.gov.br/atf/fis/FISf_ConsultaGenericaEmitenteNFCe.do?limparSessao=true
2025-04-30 17:33:13,557 - INFO - Solicitando NFC-e para IE: 161484271
2025-04-30 17:33:31,437 - INFO - Conexão ao PostgreSQL estabelecida com sucesso
2025-04-30 17:33:31,450 - INFO - Solicitação 112 atualizada com sucesso
2025-04-30 17:33:41,451 - INFO - Solicitação 112 processada com sucesso
2025-04-30 17:33:41,452 - INFO - Acessando página: https://www4.sefaz.pb.gov.br/atf/fis/FISf_ConsultaGenericaEmitenteNFCe.do?limparSessao=true
2025-04-30 17:33:42,899 - INFO - Solicitando NFC-e para IE: 163531242
2025-04-30 17:34:01,806 - INFO - Conexão ao PostgreSQL estabelecida com sucesso
2025-04-30 17:34:01,824 - INFO - Solicitação 113 atualizada com sucesso
2025-04-30 17:34:11,824 - INFO - Solicitação 113 processada com sucesso
2025-04-30 17:34:11,825 - INFO - Acessando página: https://www4.sefaz.pb.gov.br/atf/fis/FISf_ConsultaGenericaEmitenteNFCe.do?limparSessao=true
2025-04-30 17:34:13,447 - INFO - Solicitando NFC-e para IE: 163908770
2025-04-30 17:34:31,880 - INFO - Conexão ao PostgreSQL estabelecida com sucesso
2025-04-30 17:34:31,889 - INFO - Solicitação 115 atualizada com sucesso
2025-04-30 17:34:41,890 - INFO - Solicitação 115 processada com sucesso
2025-04-30 17:34:41,891 - INFO - Acessando página: https://www4.sefaz.pb.gov.br/atf/fis/FISf_ConsultaGenericaEmitenteNFCe.do?limparSessao=true
2025-04-30 17:34:43,154 - INFO - Solicitando NFC-e para IE: 164399518
2025-04-30 17:35:01,580 - INFO - Conexão ao PostgreSQL estabelecida com sucesso
2025-04-30 17:35:01,589 - INFO - Solicitação 116 atualizada com sucesso
2025-04-30 17:35:11,590 - INFO - Solicitação 116 processada com sucesso
2025-04-30 17:35:11,590 - INFO - Acessando página: https://www4.sefaz.pb.gov.br/atf/fis/FISf_ConsultaGenericaEmitenteNFCe.do?limparSessao=true
2025-04-30 17:35:12,707 - INFO - Solicitando NFC-e para IE: 161616500
2025-04-30 17:35:31,373 - INFO - Conexão ao PostgreSQL estabelecida com sucesso
2025-04-30 17:35:31,380 - INFO - Solicitação 99 atualizada com sucesso
2025-04-30 17:35:41,383 - INFO - Solicitação 99 processada com sucesso
2025-04-30 17:35:41,384 - INFO - Acessando página: https://www4.sefaz.pb.gov.br/atf/fis/FISf_ConsultaGenericaEmitenteNFCe.do?limparSessao=true
2025-04-30 17:35:42,618 - INFO - Solicitando NFC-e para IE: 160393108
2025-04-30 17:36:01,586 - INFO - Conexão ao PostgreSQL estabelecida com sucesso
2025-04-30 17:36:01,597 - INFO - Solicitação 100 atualizada com sucesso
2025-04-30 17:36:11,598 - INFO - Solicitação 100 processada com sucesso
2025-04-30 17:36:11,598 - INFO - Acessando página: https://www4.sefaz.pb.gov.br/atf/fis/FISf_ConsultaGenericaEmitenteNFCe.do?limparSessao=true
2025-04-30 17:36:12,758 - INFO - Solicitando NFC-e para IE: 161941982
2025-04-30 17:36:32,236 - INFO - Conexão ao PostgreSQL estabelecida com sucesso
2025-04-30 17:36:32,244 - INFO - Solicitação 102 atualizada com sucesso
2025-04-30 17:36:42,245 - INFO - Solicitação 102 processada com sucesso
2025-04-30 17:36:42,246 - INFO - Acessando página: https://www4.sefaz.pb.gov.br/atf/fis/FISf_ConsultaGenericaEmitenteNFCe.do?limparSessao=true
2025-04-30 17:36:43,315 - INFO - Solicitando NFC-e para IE: 163835535
2025-04-30 17:37:01,834 - INFO - Conexão ao PostgreSQL estabelecida com sucesso
2025-04-30 17:37:01,843 - INFO - Solicitação 104 atualizada com sucesso
2025-04-30 17:37:11,844 - INFO - Solicitação 104 processada com sucesso
2025-04-30 17:37:11,844 - INFO - Acessando página: https://www4.sefaz.pb.gov.br/atf/fis/FISf_ConsultaGenericaEmitenteNFCe.do?limparSessao=true
2025-04-30 17:37:13,190 - INFO - Solicitando NFC-e para IE: 163994420
2025-04-30 17:37:31,544 - INFO - Conexão ao PostgreSQL estabelecida com sucesso
2025-04-30 17:37:31,556 - INFO - Solicitação 107 atualizada com sucesso
2025-04-30 17:37:41,558 - INFO - Solicitação 107 processada com sucesso
2025-04-30 17:37:41,559 - INFO - Acessando página: https://www4.sefaz.pb.gov.br/atf/fis/FISf_ConsultaGenericaEmitenteNFCe.do?limparSessao=true
2025-04-30 17:37:42,980 - INFO - Solicitando NFC-e para IE: 163749256
2025-04-30 17:38:01,879 - INFO - Conexão ao PostgreSQL estabelecida com sucesso
2025-04-30 17:38:01,903 - INFO - Solicitação 119 atualizada com sucesso
2025-04-30 17:38:11,906 - INFO - Solicitação 119 processada com sucesso
2025-04-30 17:38:11,907 - INFO - Acessando página: https://www4.sefaz.pb.gov.br/atf/fis/FISf_ConsultaGenericaEmitenteNFCe.do?limparSessao=true
2025-04-30 17:38:13,234 - INFO - Processo concluído: 20 solicitações processadas com sucesso
2025-04-30 17:38:13,236 - INFO - Ciclo 1 concluído - 20 solicitações processadas
2025-04-30 17:38:18,274 - INFO - Conexão ao PostgreSQL estabelecida com sucesso
2025-04-30 17:38:18,282 - INFO - Encontradas 20 solicitações pendentes
2025-04-30 17:38:18,284 - INFO - Iniciando solicitações de NFC-e para 20 registros...
2025-04-30 17:38:18,284 - INFO - Acessando página: https://www4.sefaz.pb.gov.br/atf/fis/FISf_ConsultaGenericaEmitenteNFCe.do?limparSessao=true
2025-04-30 17:38:19,446 - INFO - Solicitando NFC-e para IE: 164527753
2025-04-30 17:38:32,147 - INFO - Conexão ao PostgreSQL estabelecida com sucesso
2025-04-30 17:38:32,156 - INFO - Solicitação 131 atualizada com sucesso
2025-04-30 17:38:42,157 - INFO - Solicitação 131 processada com sucesso
2025-04-30 17:38:42,158 - INFO - Acessando página: https://www4.sefaz.pb.gov.br/atf/fis/FISf_ConsultaGenericaEmitenteNFCe.do?limparSessao=true
2025-04-30 17:38:43,304 - INFO - Solicitando NFC-e para IE: 164577548
2025-04-30 17:39:02,226 - INFO - Conexão ao PostgreSQL estabelecida com sucesso
2025-04-30 17:39:02,240 - INFO - Solicitação 138 atualizada com sucesso
2025-04-30 17:39:12,241 - INFO - Solicitação 138 processada com sucesso
2025-04-30 17:39:12,242 - INFO - Acessando página: https://www4.sefaz.pb.gov.br/atf/fis/FISf_ConsultaGenericaEmitenteNFCe.do?limparSessao=true
2025-04-30 17:39:13,605 - INFO - Solicitando NFC-e para IE: 164519343
2025-04-30 17:39:31,343 - INFO - Conexão ao PostgreSQL estabelecida com sucesso
2025-04-30 17:39:31,353 - INFO - Solicitação 126 atualizada com sucesso
2025-04-30 17:39:41,354 - INFO - Solicitação 126 processada com sucesso
2025-04-30 17:39:41,355 - INFO - Acessando página: https://www4.sefaz.pb.gov.br/atf/fis/FISf_ConsultaGenericaEmitenteNFCe.do?limparSessao=true
2025-04-30 17:39:42,653 - INFO - Solicitando NFC-e para IE: 164527770
2025-04-30 17:40:02,154 - INFO - Conexão ao PostgreSQL estabelecida com sucesso
2025-04-30 17:40:02,164 - INFO - Solicitação 130 atualizada com sucesso
2025-04-30 17:40:12,165 - INFO - Solicitação 130 processada com sucesso
2025-04-30 17:40:12,166 - INFO - Acessando página: https://www4.sefaz.pb.gov.br/atf/fis/FISf_ConsultaGenericaEmitenteNFCe.do?limparSessao=true
2025-04-30 17:40:13,502 - INFO - Solicitando NFC-e para IE: 162602103
2025-04-30 17:40:31,574 - INFO - Conexão ao PostgreSQL estabelecida com sucesso
2025-04-30 17:40:31,584 - INFO - Solicitação 134 atualizada com sucesso
2025-04-30 17:40:41,587 - INFO - Solicitação 134 processada com sucesso
2025-04-30 17:40:41,588 - INFO - Acessando página: https://www4.sefaz.pb.gov.br/atf/fis/FISf_ConsultaGenericaEmitenteNFCe.do?limparSessao=true
2025-04-30 17:40:42,874 - INFO - Solicitando NFC-e para IE: 162355688
2025-04-30 17:41:02,015 - INFO - Conexão ao PostgreSQL estabelecida com sucesso
2025-04-30 17:41:02,026 - INFO - Solicitação 137 atualizada com sucesso
2025-04-30 17:41:12,027 - INFO - Solicitação 137 processada com sucesso
2025-04-30 17:41:12,027 - INFO - Acessando página: https://www4.sefaz.pb.gov.br/atf/fis/FISf_ConsultaGenericaEmitenteNFCe.do?limparSessao=true
2025-04-30 17:41:13,447 - INFO - Solicitando NFC-e para IE: 164462058
2025-04-30 17:41:31,897 - INFO - Conexão ao PostgreSQL estabelecida com sucesso
2025-04-30 17:41:31,908 - INFO - Solicitação 122 atualizada com sucesso
2025-04-30 17:41:41,909 - INFO - Solicitação 122 processada com sucesso
2025-04-30 17:41:41,910 - INFO - Acessando página: https://www4.sefaz.pb.gov.br/atf/fis/FISf_ConsultaGenericaEmitenteNFCe.do?limparSessao=true
2025-04-30 17:41:43,238 - INFO - Solicitando NFC-e para IE: 164485180
2025-04-30 17:42:01,681 - INFO - Conexão ao PostgreSQL estabelecida com sucesso
2025-04-30 17:42:01,693 - INFO - Solicitação 125 atualizada com sucesso
2025-04-30 17:42:11,695 - INFO - Solicitação 125 processada com sucesso
2025-04-30 17:42:11,696 - INFO - Acessando página: https://www4.sefaz.pb.gov.br/atf/fis/FISf_ConsultaGenericaEmitenteNFCe.do?limparSessao=true
2025-04-30 17:42:13,036 - INFO - Solicitando NFC-e para IE: 162266138
2025-04-30 17:42:31,445 - INFO - Conexão ao PostgreSQL estabelecida com sucesso
2025-04-30 17:42:31,460 - INFO - Solicitação 128 atualizada com sucesso
2025-04-30 17:42:41,461 - INFO - Solicitação 128 processada com sucesso
2025-04-30 17:42:41,461 - INFO - Acessando página: https://www4.sefaz.pb.gov.br/atf/fis/FISf_ConsultaGenericaEmitenteNFCe.do?limparSessao=true
2025-04-30 17:42:42,730 - INFO - Solicitando NFC-e para IE: 164527710
2025-04-30 17:43:02,074 - INFO - Conexão ao PostgreSQL estabelecida com sucesso
2025-04-30 17:43:02,107 - INFO - Solicitação 129 atualizada com sucesso
2025-04-30 17:43:12,108 - INFO - Solicitação 129 processada com sucesso
2025-04-30 17:43:12,109 - INFO - Acessando página: https://www4.sefaz.pb.gov.br/atf/fis/FISf_ConsultaGenericaEmitenteNFCe.do?limparSessao=true
2025-04-30 17:43:13,570 - INFO - Solicitando NFC-e para IE: 163440000
2025-04-30 17:43:31,831 - INFO - Conexão ao PostgreSQL estabelecida com sucesso
2025-04-30 17:43:31,847 - INFO - Solicitação 132 atualizada com sucesso
2025-04-30 17:43:41,847 - INFO - Solicitação 132 processada com sucesso
2025-04-30 17:43:41,848 - INFO - Acessando página: https://www4.sefaz.pb.gov.br/atf/fis/FISf_ConsultaGenericaEmitenteNFCe.do?limparSessao=true
2025-04-30 17:43:43,090 - INFO - Solicitando NFC-e para IE: 161501052
2025-04-30 17:44:01,181 - INFO - Conexão ao PostgreSQL estabelecida com sucesso
2025-04-30 17:44:01,195 - INFO - Solicitação 133 atualizada com sucesso
2025-04-30 17:44:11,197 - INFO - Solicitação 133 processada com sucesso
2025-04-30 17:44:11,200 - INFO - Acessando página: https://www4.sefaz.pb.gov.br/atf/fis/FISf_ConsultaGenericaEmitenteNFCe.do?limparSessao=true
2025-04-30 17:44:12,105 - INFO - Solicitando NFC-e para IE: 164571817
2025-04-30 17:44:31,463 - INFO - Conexão ao PostgreSQL estabelecida com sucesso
2025-04-30 17:44:31,481 - INFO - Solicitação 135 atualizada com sucesso
2025-04-30 17:44:41,482 - INFO - Solicitação 135 processada com sucesso
2025-04-30 17:44:41,483 - INFO - Acessando página: https://www4.sefaz.pb.gov.br/atf/fis/FISf_ConsultaGenericaEmitenteNFCe.do?limparSessao=true
2025-04-30 17:44:42,690 - INFO - Solicitando NFC-e para IE: 164519637
2025-04-30 17:45:01,816 - INFO - Conexão ao PostgreSQL estabelecida com sucesso
2025-04-30 17:45:01,835 - INFO - Solicitação 136 atualizada com sucesso
2025-04-30 17:45:11,835 - INFO - Solicitação 136 processada com sucesso
2025-04-30 17:45:11,836 - INFO - Acessando página: https://www4.sefaz.pb.gov.br/atf/fis/FISf_ConsultaGenericaEmitenteNFCe.do?limparSessao=true
2025-04-30 17:45:12,968 - INFO - Solicitando NFC-e para IE: 163923639
2025-04-30 17:45:31,806 - INFO - Conexão ao PostgreSQL estabelecida com sucesso
2025-04-30 17:45:31,814 - INFO - Solicitação 120 atualizada com sucesso
2025-04-30 17:45:41,817 - INFO - Solicitação 120 processada com sucesso
2025-04-30 17:45:41,818 - INFO - Acessando página: https://www4.sefaz.pb.gov.br/atf/fis/FISf_ConsultaGenericaEmitenteNFCe.do?limparSessao=true
2025-04-30 17:45:42,790 - INFO - Solicitando NFC-e para IE: 164450602
2025-04-30 17:46:02,090 - INFO - Conexão ao PostgreSQL estabelecida com sucesso
2025-04-30 17:46:02,101 - INFO - Solicitação 121 atualizada com sucesso
2025-04-30 17:46:12,103 - INFO - Solicitação 121 processada com sucesso
2025-04-30 17:46:12,104 - INFO - Acessando página: https://www4.sefaz.pb.gov.br/atf/fis/FISf_ConsultaGenericaEmitenteNFCe.do?limparSessao=true
2025-04-30 17:46:13,365 - INFO - Solicitando NFC-e para IE: 164434003
