2025-04-28 18:21:10,456 - INFO - ================================================================================
2025-04-28 18:21:10,456 - INFO - INICIANDO PROCESSO DE SOLICITAÇÃO DE ARQUIVOS XML
2025-04-28 18:21:10,457 - INFO - ================================================================================
2025-04-28 18:21:10,491 - INFO - Conexão ao PostgreSQL estabelecida com sucesso
2025-04-28 18:21:10,498 - INFO - Encontradas 190 solicitações pendentes
2025-04-28 18:21:10,498 - INFO - Iniciando solicitações de NFC-e para 190 registros...
2025-04-28 18:21:10,499 - INFO - Iniciando navegador chrome com Selenoid
2025-04-28 18:21:10,499 - INFO - Conectando ao Selenoid em: http://localhost:4444/wd/hub
2025-04-28 18:21:10,507 - ERROR - Erro ao iniciar o navegador com Selenoid: Message: Requested environment is not available

2025-04-28 18:21:10,508 - ERROR - Falha na autenticação ou inicialização do navegador
2025-04-28 18:25:21,462 - INFO - ================================================================================
2025-04-28 18:25:21,463 - INFO - INICIANDO PROCESSO DE SOLICITAÇÃO DE ARQUIVOS XML
2025-04-28 18:25:21,463 - INFO - ================================================================================
2025-04-28 18:25:21,497 - INFO - Conexão ao PostgreSQL estabelecida com sucesso
2025-04-28 18:25:21,506 - INFO - Encontradas 190 solicitações pendentes
2025-04-28 18:25:21,507 - INFO - Iniciando solicitações de NFC-e para 190 registros...
2025-04-28 18:25:21,508 - INFO - Iniciando navegador chrome com Selenoid
2025-04-28 18:25:21,509 - INFO - Conectando ao Selenoid em: http://localhost:4444/wd/hub
2025-04-28 18:25:21,521 - ERROR - Erro ao iniciar o navegador com Selenoid: Message: Requested environment is not available

2025-04-28 18:25:21,523 - ERROR - Falha na autenticação ou inicialização do navegador
2025-04-28 18:30:44,476 - INFO - ================================================================================
2025-04-28 18:30:44,477 - INFO - INICIANDO PROCESSO DE SOLICITAÇÃO DE ARQUIVOS XML
2025-04-28 18:30:44,477 - INFO - ================================================================================
2025-04-28 18:30:44,510 - INFO - Conexão ao PostgreSQL estabelecida com sucesso
2025-04-28 18:30:44,519 - INFO - Encontradas 190 solicitações pendentes
2025-04-28 18:30:44,520 - INFO - Iniciando solicitações de NFC-e para 190 registros...
2025-04-28 18:30:44,521 - INFO - Iniciando navegador chrome com Selenoid
2025-04-28 18:30:44,522 - INFO - Conectando ao Selenoid em: http://localhost:4444/wd/hub
2025-04-28 18:30:52,188 - INFO - Autenticando no SEFAZ
2025-04-28 18:30:52,204 - INFO - Conexão ao MySQL estabelecida com sucesso
2025-04-28 18:30:53,898 - INFO - Autenticação bem-sucedida
2025-04-28 18:30:53,898 - INFO - Acessando página: https://www4.sefaz.pb.gov.br/atf/fis/FISf_ConsultaGenericaEmitenteNFCe.do?limparSessao=true
2025-04-28 18:30:57,537 - INFO - Solicitando NFC-e para IE: 160967562
2025-04-28 18:31:01,292 - INFO - Conexão ao PostgreSQL estabelecida com sucesso
2025-04-28 18:31:01,302 - INFO - Solicitação 1 atualizada com sucesso
2025-04-28 18:31:11,305 - INFO - Solicitação 1 processada com sucesso
2025-04-28 18:31:11,306 - INFO - Acessando página: https://www4.sefaz.pb.gov.br/atf/fis/FISf_ConsultaGenericaEmitenteNFCe.do?limparSessao=true
2025-04-28 18:31:12,324 - INFO - Solicitando NFC-e para IE: 161579019
2025-04-28 18:31:31,419 - INFO - Conexão ao PostgreSQL estabelecida com sucesso
2025-04-28 18:31:31,428 - INFO - Solicitação 2 atualizada com sucesso
2025-04-28 18:31:41,429 - INFO - Solicitação 2 processada com sucesso
2025-04-28 18:31:41,431 - INFO - Acessando página: https://www4.sefaz.pb.gov.br/atf/fis/FISf_ConsultaGenericaEmitenteNFCe.do?limparSessao=true
2025-04-28 18:31:43,164 - INFO - Solicitando NFC-e para IE: 161117287
2025-04-28 18:32:01,353 - INFO - Conexão ao PostgreSQL estabelecida com sucesso
2025-04-28 18:32:01,368 - INFO - Solicitação 3 atualizada com sucesso
2025-04-28 18:32:11,369 - INFO - Solicitação 3 processada com sucesso
2025-04-28 18:32:11,369 - INFO - Acessando página: https://www4.sefaz.pb.gov.br/atf/fis/FISf_ConsultaGenericaEmitenteNFCe.do?limparSessao=true
2025-04-28 18:32:12,401 - INFO - Solicitando NFC-e para IE: 161436790
2025-04-28 18:32:31,897 - INFO - Conexão ao PostgreSQL estabelecida com sucesso
2025-04-28 18:32:31,910 - INFO - Solicitação 4 atualizada com sucesso
2025-04-28 18:32:41,911 - INFO - Solicitação 4 processada com sucesso
2025-04-28 18:32:41,912 - INFO - Acessando página: https://www4.sefaz.pb.gov.br/atf/fis/FISf_ConsultaGenericaEmitenteNFCe.do?limparSessao=true
2025-04-28 18:32:43,009 - INFO - Solicitando NFC-e para IE: 162533080
2025-04-28 18:33:01,932 - INFO - Conexão ao PostgreSQL estabelecida com sucesso
2025-04-28 18:33:01,944 - INFO - Solicitação 5 atualizada com sucesso
2025-04-28 18:33:11,945 - INFO - Solicitação 5 processada com sucesso
2025-04-28 18:33:11,946 - INFO - Acessando página: https://www4.sefaz.pb.gov.br/atf/fis/FISf_ConsultaGenericaEmitenteNFCe.do?limparSessao=true
2025-04-28 18:33:13,233 - INFO - Solicitando NFC-e para IE: 161344607
2025-04-28 18:33:31,667 - INFO - Conexão ao PostgreSQL estabelecida com sucesso
2025-04-28 18:33:31,683 - INFO - Solicitação 6 atualizada com sucesso
2025-04-28 18:33:41,684 - INFO - Solicitação 6 processada com sucesso
2025-04-28 18:33:41,685 - INFO - Acessando página: https://www4.sefaz.pb.gov.br/atf/fis/FISf_ConsultaGenericaEmitenteNFCe.do?limparSessao=true
2025-04-28 18:33:42,567 - INFO - Solicitando NFC-e para IE: 161957471
2025-04-28 18:34:01,563 - INFO - Conexão ao PostgreSQL estabelecida com sucesso
2025-04-28 18:34:01,576 - INFO - Solicitação 7 atualizada com sucesso
2025-04-28 18:34:11,578 - INFO - Solicitação 7 processada com sucesso
2025-04-28 18:34:11,579 - INFO - Acessando página: https://www4.sefaz.pb.gov.br/atf/fis/FISf_ConsultaGenericaEmitenteNFCe.do?limparSessao=true
2025-04-28 18:34:12,886 - INFO - Solicitando NFC-e para IE: 161339670
2025-04-28 18:34:32,139 - INFO - Conexão ao PostgreSQL estabelecida com sucesso
2025-04-28 18:34:32,148 - INFO - Solicitação 8 atualizada com sucesso
2025-04-28 18:34:42,148 - INFO - Solicitação 8 processada com sucesso
2025-04-28 18:34:42,149 - INFO - Acessando página: https://www4.sefaz.pb.gov.br/atf/fis/FISf_ConsultaGenericaEmitenteNFCe.do?limparSessao=true
2025-04-28 18:34:43,382 - INFO - Solicitando NFC-e para IE: 161538940
2025-04-28 18:35:01,481 - INFO - Conexão ao PostgreSQL estabelecida com sucesso
2025-04-28 18:35:01,494 - INFO - Solicitação 9 atualizada com sucesso
2025-04-28 18:35:11,495 - INFO - Solicitação 9 processada com sucesso
2025-04-28 18:35:11,496 - INFO - Acessando página: https://www4.sefaz.pb.gov.br/atf/fis/FISf_ConsultaGenericaEmitenteNFCe.do?limparSessao=true
2025-04-28 18:35:12,684 - INFO - Solicitando NFC-e para IE: 161037054
2025-04-28 18:35:31,659 - INFO - Conexão ao PostgreSQL estabelecida com sucesso
2025-04-28 18:35:31,672 - INFO - Solicitação 10 atualizada com sucesso
2025-04-28 18:35:41,673 - INFO - Solicitação 10 processada com sucesso
2025-04-28 18:35:41,674 - INFO - Acessando página: https://www4.sefaz.pb.gov.br/atf/fis/FISf_ConsultaGenericaEmitenteNFCe.do?limparSessao=true
2025-04-28 18:35:42,793 - INFO - Solicitando NFC-e para IE: 160973406
2025-04-28 18:36:01,838 - INFO - Conexão ao PostgreSQL estabelecida com sucesso
2025-04-28 18:36:01,844 - INFO - Solicitação 11 atualizada com sucesso
2025-04-28 18:36:11,845 - INFO - Solicitação 11 processada com sucesso
2025-04-28 18:36:11,846 - INFO - Acessando página: https://www4.sefaz.pb.gov.br/atf/fis/FISf_ConsultaGenericaEmitenteNFCe.do?limparSessao=true
2025-04-28 18:36:12,986 - INFO - Solicitando NFC-e para IE: 161457533
2025-04-28 18:36:31,685 - INFO - Conexão ao PostgreSQL estabelecida com sucesso
2025-04-28 18:36:31,690 - INFO - Solicitação 12 atualizada com sucesso
2025-04-28 18:36:41,691 - INFO - Solicitação 12 processada com sucesso
2025-04-28 18:36:41,692 - INFO - Acessando página: https://www4.sefaz.pb.gov.br/atf/fis/FISf_ConsultaGenericaEmitenteNFCe.do?limparSessao=true
2025-04-28 18:36:42,827 - INFO - Solicitando NFC-e para IE: 160190606
2025-04-28 18:37:02,026 - INFO - Conexão ao PostgreSQL estabelecida com sucesso
2025-04-28 18:37:02,040 - INFO - Solicitação 13 atualizada com sucesso
2025-04-28 18:37:12,044 - INFO - Solicitação 13 processada com sucesso
2025-04-28 18:37:12,045 - INFO - Acessando página: https://www4.sefaz.pb.gov.br/atf/fis/FISf_ConsultaGenericaEmitenteNFCe.do?limparSessao=true
2025-04-28 18:37:13,189 - INFO - Solicitando NFC-e para IE: 161414591
2025-04-28 18:37:32,037 - INFO - Conexão ao PostgreSQL estabelecida com sucesso
2025-04-28 18:37:32,046 - INFO - Solicitação 14 atualizada com sucesso
2025-04-28 18:37:42,047 - INFO - Solicitação 14 processada com sucesso
2025-04-28 18:37:42,048 - INFO - Acessando página: https://www4.sefaz.pb.gov.br/atf/fis/FISf_ConsultaGenericaEmitenteNFCe.do?limparSessao=true
2025-04-28 18:37:43,116 - INFO - Solicitando NFC-e para IE: 161081274
2025-04-28 18:38:01,332 - INFO - Conexão ao PostgreSQL estabelecida com sucesso
2025-04-28 18:38:01,341 - INFO - Solicitação 15 atualizada com sucesso
2025-04-28 18:38:11,342 - INFO - Solicitação 15 processada com sucesso
2025-04-28 18:38:11,343 - INFO - Acessando página: https://www4.sefaz.pb.gov.br/atf/fis/FISf_ConsultaGenericaEmitenteNFCe.do?limparSessao=true
2025-04-28 18:38:13,245 - INFO - Solicitando NFC-e para IE: 161309151
2025-04-28 18:38:31,225 - INFO - Conexão ao PostgreSQL estabelecida com sucesso
2025-04-28 18:38:31,235 - INFO - Solicitação 16 atualizada com sucesso
2025-04-28 18:38:41,237 - INFO - Solicitação 16 processada com sucesso
2025-04-28 18:38:41,238 - INFO - Acessando página: https://www4.sefaz.pb.gov.br/atf/fis/FISf_ConsultaGenericaEmitenteNFCe.do?limparSessao=true
2025-04-28 18:38:42,454 - INFO - Solicitando NFC-e para IE: 161439683
2025-04-28 18:39:01,998 - INFO - Conexão ao PostgreSQL estabelecida com sucesso
2025-04-28 18:39:02,007 - INFO - Solicitação 17 atualizada com sucesso
2025-04-28 18:39:12,008 - INFO - Solicitação 17 processada com sucesso
2025-04-28 18:39:12,009 - INFO - Acessando página: https://www4.sefaz.pb.gov.br/atf/fis/FISf_ConsultaGenericaEmitenteNFCe.do?limparSessao=true
2025-04-28 18:39:13,227 - INFO - Solicitando NFC-e para IE: 161188206
2025-04-28 18:39:31,493 - INFO - Conexão ao PostgreSQL estabelecida com sucesso
2025-04-28 18:39:31,503 - INFO - Solicitação 18 atualizada com sucesso
2025-04-28 18:39:41,504 - INFO - Solicitação 18 processada com sucesso
2025-04-28 18:39:41,505 - INFO - Acessando página: https://www4.sefaz.pb.gov.br/atf/fis/FISf_ConsultaGenericaEmitenteNFCe.do?limparSessao=true
2025-04-28 18:39:42,671 - INFO - Solicitando NFC-e para IE: 161616186
2025-04-28 18:40:01,964 - INFO - Conexão ao PostgreSQL estabelecida com sucesso
2025-04-28 18:40:01,976 - INFO - Solicitação 19 atualizada com sucesso
2025-04-28 18:40:11,977 - INFO - Solicitação 19 processada com sucesso
2025-04-28 18:40:11,978 - INFO - Acessando página: https://www4.sefaz.pb.gov.br/atf/fis/FISf_ConsultaGenericaEmitenteNFCe.do?limparSessao=true
2025-04-28 18:40:13,093 - INFO - Solicitando NFC-e para IE: 162308493
2025-04-28 18:40:32,072 - INFO - Conexão ao PostgreSQL estabelecida com sucesso
2025-04-28 18:40:32,082 - INFO - Solicitação 20 atualizada com sucesso
2025-04-28 18:40:42,083 - INFO - Solicitação 20 processada com sucesso
2025-04-28 18:40:42,084 - INFO - Acessando página: https://www4.sefaz.pb.gov.br/atf/fis/FISf_ConsultaGenericaEmitenteNFCe.do?limparSessao=true
2025-04-28 18:40:43,362 - INFO - Solicitando NFC-e para IE: 160337607
2025-04-28 18:41:01,728 - INFO - Conexão ao PostgreSQL estabelecida com sucesso
2025-04-28 18:41:01,738 - INFO - Solicitação 21 atualizada com sucesso
2025-04-28 18:41:11,739 - INFO - Solicitação 21 processada com sucesso
2025-04-28 18:41:11,740 - INFO - Acessando página: https://www4.sefaz.pb.gov.br/atf/fis/FISf_ConsultaGenericaEmitenteNFCe.do?limparSessao=true
2025-04-28 18:41:12,888 - INFO - Solicitando NFC-e para IE: 161063772
2025-04-28 18:41:31,691 - INFO - Conexão ao PostgreSQL estabelecida com sucesso
2025-04-28 18:41:31,702 - INFO - Solicitação 22 atualizada com sucesso
2025-04-28 18:41:41,704 - INFO - Solicitação 22 processada com sucesso
2025-04-28 18:41:41,705 - INFO - Acessando página: https://www4.sefaz.pb.gov.br/atf/fis/FISf_ConsultaGenericaEmitenteNFCe.do?limparSessao=true
2025-04-28 18:41:42,655 - INFO - Solicitando NFC-e para IE: 161526071
2025-04-28 18:42:01,712 - INFO - Conexão ao PostgreSQL estabelecida com sucesso
2025-04-28 18:42:01,726 - INFO - Solicitação 23 atualizada com sucesso
2025-04-28 18:42:11,727 - INFO - Solicitação 23 processada com sucesso
2025-04-28 18:42:11,728 - INFO - Acessando página: https://www4.sefaz.pb.gov.br/atf/fis/FISf_ConsultaGenericaEmitenteNFCe.do?limparSessao=true
2025-04-28 18:42:12,881 - INFO - Solicitando NFC-e para IE: 162355750
2025-04-28 18:42:31,901 - INFO - Conexão ao PostgreSQL estabelecida com sucesso
2025-04-28 18:42:31,911 - INFO - Solicitação 24 atualizada com sucesso
2025-04-28 18:42:41,913 - INFO - Solicitação 24 processada com sucesso
2025-04-28 18:42:41,914 - INFO - Acessando página: https://www4.sefaz.pb.gov.br/atf/fis/FISf_ConsultaGenericaEmitenteNFCe.do?limparSessao=true
2025-04-28 18:42:43,082 - INFO - Solicitando NFC-e para IE: 162513127
2025-04-28 18:43:01,825 - INFO - Conexão ao PostgreSQL estabelecida com sucesso
2025-04-28 18:43:01,836 - INFO - Solicitação 25 atualizada com sucesso
2025-04-28 18:43:11,838 - INFO - Solicitação 25 processada com sucesso
2025-04-28 18:43:11,839 - INFO - Acessando página: https://www4.sefaz.pb.gov.br/atf/fis/FISf_ConsultaGenericaEmitenteNFCe.do?limparSessao=true
2025-04-28 18:43:12,996 - INFO - Solicitando NFC-e para IE: 161490905
2025-04-28 18:43:32,150 - INFO - Conexão ao PostgreSQL estabelecida com sucesso
2025-04-28 18:43:32,157 - INFO - Solicitação 26 atualizada com sucesso
2025-04-28 18:43:42,159 - INFO - Solicitação 26 processada com sucesso
2025-04-28 18:43:42,160 - INFO - Acessando página: https://www4.sefaz.pb.gov.br/atf/fis/FISf_ConsultaGenericaEmitenteNFCe.do?limparSessao=true
2025-04-28 18:43:43,401 - INFO - Solicitando NFC-e para IE: 161382746
2025-04-28 18:44:01,885 - INFO - Conexão ao PostgreSQL estabelecida com sucesso
2025-04-28 18:44:01,894 - INFO - Solicitação 27 atualizada com sucesso
2025-04-28 18:44:11,895 - INFO - Solicitação 27 processada com sucesso
2025-04-28 18:44:11,896 - INFO - Acessando página: https://www4.sefaz.pb.gov.br/atf/fis/FISf_ConsultaGenericaEmitenteNFCe.do?limparSessao=true
2025-04-28 18:44:13,072 - INFO - Solicitando NFC-e para IE: 162380160
2025-04-28 18:44:31,633 - INFO - Conexão ao PostgreSQL estabelecida com sucesso
2025-04-28 18:44:31,640 - INFO - Solicitação 28 atualizada com sucesso
2025-04-28 18:44:41,643 - INFO - Solicitação 28 processada com sucesso
2025-04-28 18:44:41,644 - INFO - Acessando página: https://www4.sefaz.pb.gov.br/atf/fis/FISf_ConsultaGenericaEmitenteNFCe.do?limparSessao=true
2025-04-28 18:44:42,904 - INFO - Solicitando NFC-e para IE: 162489978
2025-04-28 18:45:01,837 - INFO - Conexão ao PostgreSQL estabelecida com sucesso
2025-04-28 18:45:01,848 - INFO - Solicitação 29 atualizada com sucesso
2025-04-28 18:45:11,848 - INFO - Solicitação 29 processada com sucesso
2025-04-28 18:45:11,849 - INFO - Acessando página: https://www4.sefaz.pb.gov.br/atf/fis/FISf_ConsultaGenericaEmitenteNFCe.do?limparSessao=true
2025-04-28 18:45:13,217 - INFO - Solicitando NFC-e para IE: 161081207
2025-04-28 18:45:31,422 - INFO - Conexão ao PostgreSQL estabelecida com sucesso
2025-04-28 18:45:31,431 - INFO - Solicitação 30 atualizada com sucesso
2025-04-28 18:45:41,432 - INFO - Solicitação 30 processada com sucesso
2025-04-28 18:45:41,433 - INFO - Acessando página: https://www4.sefaz.pb.gov.br/atf/fis/FISf_ConsultaGenericaEmitenteNFCe.do?limparSessao=true
2025-04-28 18:45:42,784 - INFO - Solicitando NFC-e para IE: 161755330
2025-04-28 18:46:02,107 - INFO - Conexão ao PostgreSQL estabelecida com sucesso
2025-04-28 18:46:02,121 - INFO - Solicitação 31 atualizada com sucesso
2025-04-28 18:46:12,122 - INFO - Solicitação 31 processada com sucesso
2025-04-28 18:46:12,123 - INFO - Acessando página: https://www4.sefaz.pb.gov.br/atf/fis/FISf_ConsultaGenericaEmitenteNFCe.do?limparSessao=true
2025-04-28 18:46:13,269 - INFO - Solicitando NFC-e para IE: 163040648
2025-04-28 18:46:31,491 - INFO - Conexão ao PostgreSQL estabelecida com sucesso
2025-04-28 18:46:31,502 - INFO - Solicitação 32 atualizada com sucesso
2025-04-28 18:46:41,503 - INFO - Solicitação 32 processada com sucesso
2025-04-28 18:46:41,504 - INFO - Acessando página: https://www4.sefaz.pb.gov.br/atf/fis/FISf_ConsultaGenericaEmitenteNFCe.do?limparSessao=true
2025-04-28 18:46:42,677 - INFO - Solicitando NFC-e para IE: 162949405
2025-04-28 18:47:02,112 - INFO - Conexão ao PostgreSQL estabelecida com sucesso
2025-04-28 18:47:02,121 - INFO - Solicitação 33 atualizada com sucesso
2025-04-28 18:47:12,122 - INFO - Solicitação 33 processada com sucesso
2025-04-28 18:47:12,123 - INFO - Acessando página: https://www4.sefaz.pb.gov.br/atf/fis/FISf_ConsultaGenericaEmitenteNFCe.do?limparSessao=true
2025-04-28 18:47:13,144 - INFO - Solicitando NFC-e para IE: 161291481
2025-04-28 18:47:32,272 - INFO - Conexão ao PostgreSQL estabelecida com sucesso
2025-04-28 18:47:32,281 - INFO - Solicitação 34 atualizada com sucesso
2025-04-28 18:47:42,282 - INFO - Solicitação 34 processada com sucesso
2025-04-28 18:47:42,283 - INFO - Acessando página: https://www4.sefaz.pb.gov.br/atf/fis/FISf_ConsultaGenericaEmitenteNFCe.do?limparSessao=true
2025-04-28 18:47:43,343 - INFO - Solicitando NFC-e para IE: 163126739
2025-04-28 18:48:01,424 - INFO - Conexão ao PostgreSQL estabelecida com sucesso
2025-04-28 18:48:01,430 - INFO - Solicitação 35 atualizada com sucesso
2025-04-28 18:48:11,430 - INFO - Solicitação 35 processada com sucesso
2025-04-28 18:48:11,431 - INFO - Acessando página: https://www4.sefaz.pb.gov.br/atf/fis/FISf_ConsultaGenericaEmitenteNFCe.do?limparSessao=true
2025-04-28 18:48:12,638 - INFO - Solicitando NFC-e para IE: 162869649
2025-04-28 18:48:31,899 - INFO - Conexão ao PostgreSQL estabelecida com sucesso
2025-04-28 18:48:31,908 - INFO - Solicitação 36 atualizada com sucesso
2025-04-28 18:48:41,909 - INFO - Solicitação 36 processada com sucesso
2025-04-28 18:48:41,910 - INFO - Acessando página: https://www4.sefaz.pb.gov.br/atf/fis/FISf_ConsultaGenericaEmitenteNFCe.do?limparSessao=true
2025-04-28 18:48:43,061 - INFO - Solicitando NFC-e para IE: 161249205
2025-04-28 18:49:01,403 - INFO - Conexão ao PostgreSQL estabelecida com sucesso
2025-04-28 18:49:01,415 - INFO - Solicitação 37 atualizada com sucesso
2025-04-28 18:49:11,416 - INFO - Solicitação 37 processada com sucesso
2025-04-28 18:49:11,417 - INFO - Acessando página: https://www4.sefaz.pb.gov.br/atf/fis/FISf_ConsultaGenericaEmitenteNFCe.do?limparSessao=true
2025-04-28 18:49:12,689 - INFO - Solicitando NFC-e para IE: 162802021
2025-04-28 18:49:31,713 - INFO - Conexão ao PostgreSQL estabelecida com sucesso
2025-04-28 18:49:31,725 - INFO - Solicitação 38 atualizada com sucesso
2025-04-28 18:49:41,726 - INFO - Solicitação 38 processada com sucesso
2025-04-28 18:49:41,727 - INFO - Acessando página: https://www4.sefaz.pb.gov.br/atf/fis/FISf_ConsultaGenericaEmitenteNFCe.do?limparSessao=true
2025-04-28 18:49:43,359 - INFO - Solicitando NFC-e para IE: 162664192
2025-04-28 18:50:01,442 - INFO - Conexão ao PostgreSQL estabelecida com sucesso
2025-04-28 18:50:01,452 - INFO - Solicitação 39 atualizada com sucesso
2025-04-28 18:50:11,454 - INFO - Solicitação 39 processada com sucesso
2025-04-28 18:50:11,456 - INFO - Acessando página: https://www4.sefaz.pb.gov.br/atf/fis/FISf_ConsultaGenericaEmitenteNFCe.do?limparSessao=true
2025-04-28 18:50:12,672 - INFO - Solicitando NFC-e para IE: 161613713
2025-04-28 18:50:31,414 - INFO - Conexão ao PostgreSQL estabelecida com sucesso
2025-04-28 18:50:31,424 - INFO - Solicitação 40 atualizada com sucesso
2025-04-28 18:50:41,426 - INFO - Solicitação 40 processada com sucesso
2025-04-28 18:50:41,427 - INFO - Acessando página: https://www4.sefaz.pb.gov.br/atf/fis/FISf_ConsultaGenericaEmitenteNFCe.do?limparSessao=true
2025-04-28 18:50:42,810 - INFO - Solicitando NFC-e para IE: 163152080
2025-04-28 18:51:01,990 - INFO - Conexão ao PostgreSQL estabelecida com sucesso
2025-04-28 18:51:02,004 - INFO - Solicitação 41 atualizada com sucesso
2025-04-28 18:51:12,005 - INFO - Solicitação 41 processada com sucesso
2025-04-28 18:51:12,006 - INFO - Acessando página: https://www4.sefaz.pb.gov.br/atf/fis/FISf_ConsultaGenericaEmitenteNFCe.do?limparSessao=true
2025-04-28 18:51:13,053 - INFO - Solicitando NFC-e para IE: 163143005
2025-04-28 18:51:32,074 - INFO - Conexão ao PostgreSQL estabelecida com sucesso
2025-04-28 18:51:32,081 - INFO - Solicitação 42 atualizada com sucesso
2025-04-28 18:51:42,084 - INFO - Solicitação 42 processada com sucesso
2025-04-28 18:51:42,085 - INFO - Acessando página: https://www4.sefaz.pb.gov.br/atf/fis/FISf_ConsultaGenericaEmitenteNFCe.do?limparSessao=true
2025-04-28 18:51:43,813 - INFO - Solicitando NFC-e para IE: 163281025
2025-04-28 18:52:01,622 - INFO - Conexão ao PostgreSQL estabelecida com sucesso
2025-04-28 18:52:01,631 - INFO - Solicitação 43 atualizada com sucesso
2025-04-28 18:52:11,632 - INFO - Solicitação 43 processada com sucesso
2025-04-28 18:52:11,633 - INFO - Acessando página: https://www4.sefaz.pb.gov.br/atf/fis/FISf_ConsultaGenericaEmitenteNFCe.do?limparSessao=true
2025-04-28 18:52:12,684 - INFO - Solicitando NFC-e para IE: 161492061
2025-04-28 18:52:31,886 - INFO - Conexão ao PostgreSQL estabelecida com sucesso
2025-04-28 18:52:31,894 - INFO - Solicitação 44 atualizada com sucesso
2025-04-28 18:52:41,894 - INFO - Solicitação 44 processada com sucesso
2025-04-28 18:52:41,895 - INFO - Acessando página: https://www4.sefaz.pb.gov.br/atf/fis/FISf_ConsultaGenericaEmitenteNFCe.do?limparSessao=true
2025-04-28 18:52:43,292 - INFO - Solicitando NFC-e para IE: 162194110
2025-04-28 18:53:02,187 - INFO - Conexão ao PostgreSQL estabelecida com sucesso
2025-04-28 18:53:02,197 - INFO - Solicitação 45 atualizada com sucesso
2025-04-28 18:53:12,198 - INFO - Solicitação 45 processada com sucesso
2025-04-28 18:53:12,200 - INFO - Acessando página: https://www4.sefaz.pb.gov.br/atf/fis/FISf_ConsultaGenericaEmitenteNFCe.do?limparSessao=true
2025-04-28 18:53:13,443 - INFO - Solicitando NFC-e para IE: 163276978
2025-04-28 18:53:31,912 - INFO - Conexão ao PostgreSQL estabelecida com sucesso
2025-04-28 18:53:31,920 - INFO - Solicitação 46 atualizada com sucesso
2025-04-28 18:53:41,921 - INFO - Solicitação 46 processada com sucesso
2025-04-28 18:53:41,922 - INFO - Acessando página: https://www4.sefaz.pb.gov.br/atf/fis/FISf_ConsultaGenericaEmitenteNFCe.do?limparSessao=true
2025-04-28 18:53:42,969 - INFO - Solicitando NFC-e para IE: 161599680
2025-04-28 18:54:01,407 - INFO - Conexão ao PostgreSQL estabelecida com sucesso
2025-04-28 18:54:01,419 - INFO - Solicitação 47 atualizada com sucesso
2025-04-28 18:54:11,420 - INFO - Solicitação 47 processada com sucesso
2025-04-28 18:54:11,420 - INFO - Acessando página: https://www4.sefaz.pb.gov.br/atf/fis/FISf_ConsultaGenericaEmitenteNFCe.do?limparSessao=true
2025-04-28 18:54:12,700 - INFO - Solicitando NFC-e para IE: 162640102
2025-04-28 18:54:31,396 - INFO - Conexão ao PostgreSQL estabelecida com sucesso
2025-04-28 18:54:31,403 - INFO - Solicitação 48 atualizada com sucesso
2025-04-28 18:54:41,406 - INFO - Solicitação 48 processada com sucesso
2025-04-28 18:54:41,407 - INFO - Acessando página: https://www4.sefaz.pb.gov.br/atf/fis/FISf_ConsultaGenericaEmitenteNFCe.do?limparSessao=true
2025-04-28 18:54:44,468 - INFO - Solicitando NFC-e para IE: 163383359
2025-04-28 18:55:01,356 - INFO - Conexão ao PostgreSQL estabelecida com sucesso
2025-04-28 18:55:01,367 - INFO - Solicitação 49 atualizada com sucesso
2025-04-28 18:55:11,369 - INFO - Solicitação 49 processada com sucesso
2025-04-28 18:55:11,370 - INFO - Acessando página: https://www4.sefaz.pb.gov.br/atf/fis/FISf_ConsultaGenericaEmitenteNFCe.do?limparSessao=true
2025-04-28 18:55:12,876 - INFO - Solicitando NFC-e para IE: 161716130
2025-04-28 18:55:32,053 - INFO - Conexão ao PostgreSQL estabelecida com sucesso
2025-04-28 18:55:32,065 - INFO - Solicitação 50 atualizada com sucesso
2025-04-28 18:55:42,066 - INFO - Solicitação 50 processada com sucesso
2025-04-28 18:55:42,067 - INFO - Acessando página: https://www4.sefaz.pb.gov.br/atf/fis/FISf_ConsultaGenericaEmitenteNFCe.do?limparSessao=true
2025-04-28 18:55:43,141 - INFO - Solicitando NFC-e para IE: 161413773
2025-04-28 18:56:01,566 - INFO - Conexão ao PostgreSQL estabelecida com sucesso
2025-04-28 18:56:01,572 - INFO - Solicitação 51 atualizada com sucesso
2025-04-28 18:56:11,573 - INFO - Solicitação 51 processada com sucesso
2025-04-28 18:56:11,574 - INFO - Acessando página: https://www4.sefaz.pb.gov.br/atf/fis/FISf_ConsultaGenericaEmitenteNFCe.do?limparSessao=true
2025-04-28 18:56:13,456 - INFO - Solicitando NFC-e para IE: 161589391
2025-04-28 18:56:31,926 - INFO - Conexão ao PostgreSQL estabelecida com sucesso
2025-04-28 18:56:31,936 - INFO - Solicitação 52 atualizada com sucesso
2025-04-28 18:56:41,937 - INFO - Solicitação 52 processada com sucesso
2025-04-28 18:56:41,938 - INFO - Acessando página: https://www4.sefaz.pb.gov.br/atf/fis/FISf_ConsultaGenericaEmitenteNFCe.do?limparSessao=true
2025-04-28 18:56:42,926 - INFO - Solicitando NFC-e para IE: 161321720
2025-04-28 18:57:01,837 - INFO - Conexão ao PostgreSQL estabelecida com sucesso
2025-04-28 18:57:01,846 - INFO - Solicitação 53 atualizada com sucesso
2025-04-28 18:57:11,847 - INFO - Solicitação 53 processada com sucesso
2025-04-28 18:57:11,848 - INFO - Acessando página: https://www4.sefaz.pb.gov.br/atf/fis/FISf_ConsultaGenericaEmitenteNFCe.do?limparSessao=true
2025-04-28 18:57:13,060 - INFO - Solicitando NFC-e para IE: 161481540
2025-04-28 18:57:31,708 - INFO - Conexão ao PostgreSQL estabelecida com sucesso
2025-04-28 18:57:31,716 - INFO - Solicitação 54 atualizada com sucesso
2025-04-28 18:57:41,717 - INFO - Solicitação 54 processada com sucesso
2025-04-28 18:57:41,718 - INFO - Acessando página: https://www4.sefaz.pb.gov.br/atf/fis/FISf_ConsultaGenericaEmitenteNFCe.do?limparSessao=true
2025-04-28 18:57:43,028 - INFO - Solicitando NFC-e para IE: 161217001
2025-04-28 18:58:01,383 - INFO - Conexão ao PostgreSQL estabelecida com sucesso
2025-04-28 18:58:01,394 - INFO - Solicitação 55 atualizada com sucesso
2025-04-28 18:58:11,396 - INFO - Solicitação 55 processada com sucesso
2025-04-28 18:58:11,397 - INFO - Acessando página: https://www4.sefaz.pb.gov.br/atf/fis/FISf_ConsultaGenericaEmitenteNFCe.do?limparSessao=true
2025-04-28 18:58:13,071 - INFO - Solicitando NFC-e para IE: 163227659
2025-04-28 18:58:32,024 - INFO - Conexão ao PostgreSQL estabelecida com sucesso
2025-04-28 18:58:32,032 - INFO - Solicitação 56 atualizada com sucesso
2025-04-28 18:58:42,033 - INFO - Solicitação 56 processada com sucesso
2025-04-28 18:58:42,034 - INFO - Acessando página: https://www4.sefaz.pb.gov.br/atf/fis/FISf_ConsultaGenericaEmitenteNFCe.do?limparSessao=true
2025-04-28 18:58:43,272 - INFO - Solicitando NFC-e para IE: 161501800
2025-04-28 18:59:01,611 - INFO - Conexão ao PostgreSQL estabelecida com sucesso
2025-04-28 18:59:01,622 - INFO - Solicitação 57 atualizada com sucesso
2025-04-28 18:59:11,622 - INFO - Solicitação 57 processada com sucesso
2025-04-28 18:59:11,623 - INFO - Acessando página: https://www4.sefaz.pb.gov.br/atf/fis/FISf_ConsultaGenericaEmitenteNFCe.do?limparSessao=true
2025-04-28 18:59:12,866 - INFO - Solicitando NFC-e para IE: 161622003
2025-04-30 15:40:25,364 - INFO - ================================================================================
2025-04-30 15:40:25,365 - INFO - INICIANDO PROCESSO DE SOLICITAÇÃO DE ARQUIVOS XML
2025-04-30 15:40:25,365 - INFO - ================================================================================
2025-04-30 15:40:25,411 - INFO - Conexão ao PostgreSQL estabelecida com sucesso
2025-04-30 15:40:25,420 - INFO - Encontradas 250 solicitações pendentes
2025-04-30 15:40:25,421 - INFO - Iniciando solicitações de NFC-e para 250 registros...
2025-04-30 15:40:25,421 - INFO - Iniciando navegador chrome com Selenoid
2025-04-30 15:40:25,421 - INFO - Conectando ao Selenoid em: http://localhost:4444/wd/hub
2025-04-30 15:40:29,928 - INFO - Autenticando no SEFAZ
2025-04-30 15:40:34,467 - INFO - Conexão ao MySQL estabelecida com sucesso
2025-04-30 15:40:36,120 - INFO - Autenticação bem-sucedida
2025-04-30 15:40:36,124 - INFO - Acessando página: https://www4.sefaz.pb.gov.br/atf/fis/FISf_ConsultaGenericaEmitenteNFCe.do?limparSessao=true
2025-04-30 15:40:39,502 - INFO - Solicitando NFC-e para IE: 161501052
2025-04-30 15:56:29,496 - INFO - ================================================================================
2025-04-30 15:56:29,497 - INFO - INICIANDO PROCESSO DE SOLICITAÇÃO DE ARQUIVOS XML
2025-04-30 15:56:29,497 - INFO - ================================================================================
2025-04-30 15:56:29,498 - INFO - Processando com limite de 20 solicitações
2025-04-30 15:56:29,544 - INFO - Conexão ao PostgreSQL estabelecida com sucesso
2025-04-30 15:56:29,552 - INFO - Encontradas 20 solicitações pendentes (limitado a 20)
2025-04-30 15:56:29,552 - INFO - Iniciando solicitações de NFC-e para 20 registros...
2025-04-30 15:56:29,553 - INFO - Iniciando navegador chrome com Selenoid
2025-04-30 15:56:29,553 - INFO - Conectando ao Selenoid em: http://localhost:4444/wd/hub
2025-04-30 15:56:34,223 - INFO - Autenticando no SEFAZ
2025-04-30 15:56:34,238 - INFO - Conexão ao MySQL estabelecida com sucesso
2025-04-30 15:56:36,018 - INFO - Autenticação bem-sucedida
2025-04-30 15:56:36,019 - INFO - Acessando página: https://www4.sefaz.pb.gov.br/atf/fis/FISf_ConsultaGenericaEmitenteNFCe.do?limparSessao=true
2025-04-30 15:56:39,403 - INFO - Solicitando NFC-e para IE: 164311505
2025-04-30 15:57:41,037 - INFO - ================================================================================
2025-04-30 15:57:41,038 - INFO - INICIANDO PROCESSO DE SOLICITAÇÃO DE ARQUIVOS XML
2025-04-30 15:57:41,039 - INFO - ================================================================================
2025-04-30 15:57:41,040 - INFO - Processando com limite de 2 solicitações
2025-04-30 15:57:41,091 - INFO - Conexão ao PostgreSQL estabelecida com sucesso
2025-04-30 15:57:41,098 - INFO - Encontradas 2 solicitações pendentes (limitado a 2)
2025-04-30 15:57:41,098 - INFO - Iniciando solicitações de NFC-e para 2 registros...
2025-04-30 15:57:41,099 - INFO - Iniciando navegador chrome com Selenoid
2025-04-30 15:57:41,099 - INFO - Conectando ao Selenoid em: http://localhost:4444/wd/hub
2025-04-30 15:57:45,646 - INFO - Autenticando no SEFAZ
2025-04-30 15:57:45,660 - INFO - Conexão ao MySQL estabelecida com sucesso
2025-04-30 15:57:46,858 - INFO - Autenticação bem-sucedida
2025-04-30 15:57:46,860 - INFO - Acessando página: https://www4.sefaz.pb.gov.br/atf/fis/FISf_ConsultaGenericaEmitenteNFCe.do?limparSessao=true
2025-04-30 15:57:50,502 - INFO - Solicitando NFC-e para IE: 162565364
2025-04-30 15:58:01,927 - INFO - Conexão ao PostgreSQL estabelecida com sucesso
2025-04-30 15:58:01,938 - INFO - Solicitação 97 atualizada com sucesso
2025-04-30 15:58:11,939 - INFO - Solicitação 97 processada com sucesso
2025-04-30 15:58:11,939 - INFO - Acessando página: https://www4.sefaz.pb.gov.br/atf/fis/FISf_ConsultaGenericaEmitenteNFCe.do?limparSessao=true
2025-04-30 15:58:13,127 - INFO - Solicitando NFC-e para IE: 160880840
2025-04-30 15:58:31,370 - INFO - Conexão ao PostgreSQL estabelecida com sucesso
2025-04-30 15:58:31,378 - INFO - Solicitação 98 atualizada com sucesso
2025-04-30 15:58:41,379 - INFO - Solicitação 98 processada com sucesso
2025-04-30 15:58:41,380 - INFO - Acessando página: https://www4.sefaz.pb.gov.br/atf/fis/FISf_ConsultaGenericaEmitenteNFCe.do?limparSessao=true
2025-04-30 15:58:42,489 - INFO - Processo concluído com sucesso
2025-04-30 16:29:31,290 - INFO - ================================================================================
2025-04-30 16:29:31,290 - INFO - INICIANDO PROCESSO DE SOLICITAÇÃO DE ARQUIVOS XML
2025-04-30 16:29:31,290 - INFO - ================================================================================
2025-04-30 16:29:31,291 - INFO - Processando com limite de 20 solicitações
2025-04-30 16:29:31,322 - INFO - Conexão ao PostgreSQL estabelecida com sucesso
2025-04-30 16:29:31,327 - INFO - Encontradas 20 solicitações pendentes (limitado a 20)
2025-04-30 16:29:31,328 - INFO - Iniciando solicitações de NFC-e para 20 registros...
2025-04-30 16:29:31,329 - INFO - Iniciando navegador chrome com Selenoid
2025-04-30 16:29:31,329 - INFO - Conectando ao Selenoid em: http://localhost:4444/wd/hub
2025-04-30 16:29:41,164 - INFO - ================================================================================
2025-04-30 16:29:41,165 - INFO - INICIANDO PROCESSO DE SOLICITAÇÃO DE ARQUIVOS XML
2025-04-30 16:29:41,165 - INFO - ================================================================================
2025-04-30 16:29:41,165 - INFO - Processando com limite de 20 solicitações
2025-04-30 16:29:41,202 - INFO - Conexão ao PostgreSQL estabelecida com sucesso
2025-04-30 16:29:41,209 - INFO - Encontradas 20 solicitações pendentes (limitado a 20)
2025-04-30 16:29:41,209 - INFO - Iniciando solicitações de NFC-e para 20 registros...
2025-04-30 16:29:41,210 - INFO - Iniciando navegador chrome com Selenoid
2025-04-30 16:29:41,210 - INFO - Conectando ao Selenoid em: http://localhost:4444/wd/hub
