2025-04-28 11:00:02,206 - INFO - ================================================================================
2025-04-28 11:00:02,207 - INFO - INICIANDO PROCESSO DE CRIAÇÃO DE SOLICITAÇÕES
2025-04-28 11:00:02,207 - INFO - ================================================================================
2025-04-28 11:00:02,216 - INFO - ================================================================================
2025-04-28 11:00:02,216 - INFO - INICIANDO PROCESSO DE BUSCA DE LINKS DE DOWNLOAD
2025-04-28 11:00:02,216 - INFO - ================================================================================
2025-04-28 11:00:02,217 - INFO - Iniciando processo de busca de links de download
2025-04-28 11:00:02,217 - INFO - ================================================================================
2025-04-28 11:00:02,218 - INFO - INICIANDO PROCESSO DE DOWNLOAD DE ARQUIVOS XML
2025-04-28 11:00:02,218 - INFO - ================================================================================
2025-04-28 11:00:02,219 - INFO - Iniciando processo de download dos arquivos
2025-04-28 11:00:02,219 - INFO - Diretório de downloads configurado: C:\Users\icaro.saldanha\Documents\DownloadATF\Gerenciador De Arquivos\NFCE_XML_TEMP\incoming
2025-04-28 11:00:02,276 - INFO - Conexão ao PostgreSQL estabelecida com sucesso
2025-04-28 11:00:02,292 - INFO - Conexão ao PostgreSQL estabelecida com sucesso
2025-04-28 11:00:02,294 - INFO - Conexão ao PostgreSQL estabelecida com sucesso
2025-04-28 11:00:02,298 - INFO - Encontradas 0 solicitações com link pendentes de download
2025-04-28 11:00:02,298 - INFO - Não há solicitações pendentes de download
2025-04-28 11:00:02,299 - INFO - Encontradas 223 solicitações aguardando links
2025-04-28 11:00:02,299 - INFO - Iniciando navegador chrome com Selenoid
2025-04-28 11:00:02,300 - INFO - Conectando ao Selenoid em: http://localhost:4444/wd/hub
2025-04-28 11:00:02,314 - INFO - Conexão ao MySQL estabelecida com sucesso
2025-04-28 11:00:02,323 - INFO - Encontradas 190 empresas no MySQL
2025-04-28 11:00:02,387 - INFO - Conexão ao PostgreSQL estabelecida com sucesso
2025-04-28 11:00:02,534 - INFO - Sincronização concluída: 0 empresas inseridas, 190 atualizadas
2025-04-28 11:00:02,535 - INFO - Total de empresas sincronizadas: 190
2025-04-28 11:00:02,535 - INFO - Criando solicitações para a data: 23/04/2025
2025-04-28 11:00:02,541 - INFO - ================================================================================
2025-04-28 11:00:02,541 - INFO - INICIANDO PROCESSO DE CRIAÇÃO DE SOLICITAÇÕES
2025-04-28 11:00:02,541 - INFO - ================================================================================
2025-04-28 11:00:02,593 - INFO - Conexão ao PostgreSQL estabelecida com sucesso
2025-04-28 11:00:02,605 - INFO - Conexão ao PostgreSQL estabelecida com sucesso
2025-04-28 11:00:02,631 - INFO - Conexão ao MySQL estabelecida com sucesso
2025-04-28 11:00:02,641 - INFO - Encontradas 190 empresas no MySQL
2025-04-28 11:00:02,643 - INFO - Processo concluído: 0 novas solicitações criadas para 23/04/2025
2025-04-28 11:00:02,644 - INFO - Total de solicitações criadas: 0
2025-04-28 11:00:02,644 - INFO - Processo finalizado com sucesso!
2025-04-28 11:00:02,694 - INFO - Conexão ao PostgreSQL estabelecida com sucesso
2025-04-28 11:00:02,755 - INFO - Sincronização concluída: 0 empresas inseridas, 190 atualizadas
2025-04-28 11:00:02,755 - INFO - Total de empresas sincronizadas: 190
2025-04-28 11:00:02,755 - INFO - Criando solicitações para a data: 23/04/2025
2025-04-28 11:00:02,813 - INFO - Conexão ao PostgreSQL estabelecida com sucesso
2025-04-28 11:00:02,865 - INFO - Processo concluído: 0 novas solicitações criadas para 23/04/2025
2025-04-28 11:00:02,865 - INFO - Total de solicitações criadas: 0
2025-04-28 11:00:02,865 - INFO - Processo finalizado com sucesso!
2025-04-28 11:00:04,387 - INFO - Autenticando no SEFAZ
2025-04-28 11:00:04,404 - INFO - Conexão ao MySQL estabelecida com sucesso
2025-04-28 11:00:05,576 - INFO - Autenticação bem-sucedida
2025-04-28 11:00:05,577 - INFO - Acessando página: https://www4.sefaz.pb.gov.br/atf/seg/SEGf_MinhasMensagens.do?limparSessao=true
